New log file opened at Thu Mar 16 21:29:13 PDT 2017 by 12772@DESKTOP-JI6ETD8
Sending msg to client play-fork-run-2da4c9c7-e701-4a3e-88b0-4a5756f6556f: DetachedLogEvent(LogMessage(debug,sbt server socket logs are in: C:\Users\tashi\Documents\updatedversion\WebApp_CrashCourses-master\CrashCourses\.sbtserver\connections\master.log))
Sending msg to client play-fork-run-2da4c9c7-e701-4a3e-88b0-4a5756f6556f: DetachedLogEvent(LogMessage(debug,sbt general server logs are in: C:\Users\tashi\Documents\updatedversion\WebApp_CrashCourses-master\CrashCourses\.sbtserver\master.log))
Sending msg to client play-fork-run-2da4c9c7-e701-4a3e-88b0-4a5756f6556f: DetachedLogEvent(LogMessage(debug,sbt client logs are in: C:\Users\tashi\Documents\updatedversion\WebApp_CrashCourses-master\CrashCourses\.sbtserver\connections\play-fork-run-2da4c9c7-e701-4a3e-88b0-4a5756f6556f.log))
Reading next message from client.
Got request: DaemonRequest(true)
Reading next message from client.
Sending msg to client play-fork-run-2da4c9c7-e701-4a3e-88b0-4a5756f6556f: (3,ReceivedResponse())
Got request: ListenToEvents()
Reading next message from client.
Sending msg to client play-fork-run-2da4c9c7-e701-4a3e-88b0-4a5756f6556f: BackgroundJobStarted(28,BackgroundJobInfo(5,backgroundRun,AttributeKey[sbt.BackgroundJobHandle]("backgroundRun") in Scope(Build: file:/C:/Users/tashi/Documents/updatedversion/WebApp_CrashCourses-master/CrashCourses/, , Project: ProjectReference(file:/C:/Users/tashi/Documents/updatedversion/WebApp_CrashCourses-master/CrashCourses/,root), Config: compile)))
Sending msg to client play-fork-run-2da4c9c7-e701-4a3e-88b0-4a5756f6556f: BackgroundJobStarted(23,BackgroundJobInfo(4,backgroundRun,AttributeKey[sbt.BackgroundJobHandle]("backgroundRun") in Scope(Build: file:/C:/Users/tashi/Documents/updatedversion/WebApp_CrashCourses-master/CrashCourses/, , Project: ProjectReference(file:/C:/Users/tashi/Documents/updatedversion/WebApp_CrashCourses-master/CrashCourses/,root), Config: compile)))
Sending msg to client play-fork-run-2da4c9c7-e701-4a3e-88b0-4a5756f6556f: (4,ReceivedResponse())
Got request: KeyLookupRequest(root/playForkConfig)
Reading next message from client.
Sending msg to client play-fork-run-2da4c9c7-e701-4a3e-88b0-4a5756f6556f: (5,KeyLookupResponse(root/playForkConfig,Vector(AttributeKey[play.forkrun.protocol.ForkConfig]("playForkConfig") in Scope(Build: file:/C:/Users/tashi/Documents/updatedversion/WebApp_CrashCourses-master/CrashCourses/, , Project: ProjectReference(file:/C:/Users/tashi/Documents/updatedversion/WebApp_CrashCourses-master/CrashCourses/,root)))))
Got request: ListenToValue(AttributeKey[play.forkrun.protocol.ForkConfig]("playForkConfig") in Scope(Build: file:/C:/Users/tashi/Documents/updatedversion/WebApp_CrashCourses-master/CrashCourses/, , Project: ProjectReference(file:/C:/Users/tashi/Documents/updatedversion/WebApp_CrashCourses-master/CrashCourses/,root)))
Reading next message from client.
Sending msg to client play-fork-run-2da4c9c7-e701-4a3e-88b0-4a5756f6556f: (6,ReceivedResponse())
Got request: KeyExecutionRequest(AttributeKey[play.forkrun.protocol.ForkConfig]("playForkConfig") in Scope(Build: file:/C:/Users/tashi/Documents/updatedversion/WebApp_CrashCourses-master/CrashCourses/, , Project: ProjectReference(file:/C:/Users/tashi/Documents/updatedversion/WebApp_CrashCourses-master/CrashCourses/,root)))
Reading next message from client.
Sending msg to client play-fork-run-2da4c9c7-e701-4a3e-88b0-4a5756f6556f: (7,ExecutionRequestReceived(30))
Sending msg to client play-fork-run-2da4c9c7-e701-4a3e-88b0-4a5756f6556f: ExecutionWaiting(30,{file:/C:/Users/tashi/Documents/updatedversion/WebApp_CrashCourses-master/CrashCourses/}root/*:playForkConfig,ClientInfo(2da4c9c7-e701-4a3e-88b0-4a5756f6556f,play-fork-run,Play Fork Run,1,Vector()))
Sending msg to client play-fork-run-2da4c9c7-e701-4a3e-88b0-4a5756f6556f: ExecutionStarting(30)
Sending msg to client play-fork-run-2da4c9c7-e701-4a3e-88b0-4a5756f6556f: DetachedLogEvent(LogMessage(debug,> {file:/C:/Users/tashi/Documents/updatedversion/WebApp_CrashCourses-master/CrashCourses/}root/*:playForkConfig))
Sending msg to client play-fork-run-2da4c9c7-e701-4a3e-88b0-4a5756f6556f: DetachedLogEvent(LogMessage(debug,Evaluating tasks: *:playForkConfig))
Sending msg to client play-fork-run-2da4c9c7-e701-4a3e-88b0-4a5756f6556f: DetachedLogEvent(LogMessage(debug,Running task... Cancel: sbt.server.ServerTaskCancellation@4d758bdc, check cycles: false))
Sending msg to client play-fork-run-2da4c9c7-e701-4a3e-88b0-4a5756f6556f: DetachedLogEvent(LogMessage(debug,cancel strategy start enabled=true lastCommand=Some(LastCommand(CommandExecutionWork(ExecutionId(30),{file:/C:/Users/tashi/Documents/updatedversion/WebApp_CrashCourses-master/CrashCourses/}root/*:playForkConfig,Set(LiveClient(play-fork-run 2da4c9c7-e701-4a3e-88b0-4a5756f6556f)),sbt.server.WorkCancellationStatus$$anon$1@18fdb878)))))
Sending msg to client play-fork-run-2da4c9c7-e701-4a3e-88b0-4a5756f6556f: TaskStarted(30,2109,Some(AttributeKey[scala.collection.Seq[java.lang.String]]("javaOptions") in Scope(Global)))
Sending msg to client play-fork-run-2da4c9c7-e701-4a3e-88b0-4a5756f6556f: TaskStarted(30,2110,None)
Sending msg to client play-fork-run-2da4c9c7-e701-4a3e-88b0-4a5756f6556f: TaskStarted(30,2112,None)
Sending msg to client play-fork-run-2da4c9c7-e701-4a3e-88b0-4a5756f6556f: TaskStarted(30,2115,None)
Sending msg to client play-fork-run-2da4c9c7-e701-4a3e-88b0-4a5756f6556f: TaskStarted(30,2121,None)
Sending msg to client play-fork-run-2da4c9c7-e701-4a3e-88b0-4a5756f6556f: TaskStarted(30,2123,None)
Sending msg to client play-fork-run-2da4c9c7-e701-4a3e-88b0-4a5756f6556f: TaskStarted(30,2125,None)
Sending msg to client play-fork-run-2da4c9c7-e701-4a3e-88b0-4a5756f6556f: TaskStarted(30,2126,None)
Sending msg to client play-fork-run-2da4c9c7-e701-4a3e-88b0-4a5756f6556f: TaskStarted(30,2127,None)
Sending msg to client play-fork-run-2da4c9c7-e701-4a3e-88b0-4a5756f6556f: TaskStarted(30,2131,Some(AttributeKey[java.lang.String]("updateCacheName") in Scope(Build: file:/C:/Users/tashi/Documents/updatedversion/WebApp_CrashCourses-master/CrashCourses/, , Project: ProjectReference(file:/C:/Users/tashi/Documents/updatedversion/WebApp_CrashCourses-master/CrashCourses/,root))))
Sending msg to client play-fork-run-2da4c9c7-e701-4a3e-88b0-4a5756f6556f: TaskStarted(30,2132,Some(AttributeKey[boolean]("skip") in Scope(Global)))
Sending msg to client play-fork-run-2da4c9c7-e701-4a3e-88b0-4a5756f6556f: TaskStarted(30,2140,Some(AttributeKey[scala.collection.Seq[sbt.Resolver]]("externalResolvers") in Scope(Build: file:/C:/Users/tashi/Documents/updatedversion/WebApp_CrashCourses-master/CrashCourses/, , Project: ProjectReference(file:/C:/Users/tashi/Documents/updatedversion/WebApp_CrashCourses-master/CrashCourses/,root))))
Sending msg to client play-fork-run-2da4c9c7-e701-4a3e-88b0-4a5756f6556f: TaskStarted(30,2144,Some(AttributeKey[scala.Option[scala.collection.Seq[sbt.Resolver]]]("bootResolvers") in Scope(Build: file:/C:/Users/tashi/Documents/updatedversion/WebApp_CrashCourses-master/CrashCourses/, , Project: ProjectReference(file:/C:/Users/tashi/Documents/updatedversion/WebApp_CrashCourses-master/CrashCourses/,root))))
Sending msg to client play-fork-run-2da4c9c7-e701-4a3e-88b0-4a5756f6556f: TaskStarted(30,2147,Some(AttributeKey[scala.collection.Seq[sbt.Credentials]]("credentials") in Scope(Global)))
Sending msg to client play-fork-run-2da4c9c7-e701-4a3e-88b0-4a5756f6556f: TaskStarted(30,2155,None)
Sending msg to client play-fork-run-2da4c9c7-e701-4a3e-88b0-4a5756f6556f: TaskStarted(30,2162,Some(AttributeKey[scala.Tuple2[java.lang.String,java.io.File]]("playPrefixAndAssets") in Scope(Build: file:/C:/Users/tashi/Documents/updatedversion/WebApp_CrashCourses-master/CrashCourses/, , Project: ProjectReference(file:/C:/Users/tashi/Documents/updatedversion/WebApp_CrashCourses-master/CrashCourses/,root))))
Sending msg to client play-fork-run-2da4c9c7-e701-4a3e-88b0-4a5756f6556f: TaskStarted(30,2164,Some(AttributeKey[scala.Option[java.lang.String]]("mainClass") in Scope(Build: file:/C:/Users/tashi/Documents/updatedversion/WebApp_CrashCourses-master/CrashCourses/, , Project: ProjectReference(file:/C:/Users/tashi/Documents/updatedversion/WebApp_CrashCourses-master/CrashCourses/,root), Config: compile, Task: AttributeKey[void]("run"))))
Sending msg to client play-fork-run-2da4c9c7-e701-4a3e-88b0-4a5756f6556f: TaskFinished(30,2110,None,true,None)
Sending msg to client play-fork-run-2da4c9c7-e701-4a3e-88b0-4a5756f6556f: TaskFinished(30,2115,None,true,None)
Sending msg to client play-fork-run-2da4c9c7-e701-4a3e-88b0-4a5756f6556f: TaskStarted(30,2114,Some(AttributeKey[sbt.BuildStructure]("buildStructure") in Scope(Global)))
Sending msg to client play-fork-run-2da4c9c7-e701-4a3e-88b0-4a5756f6556f: TaskStarted(30,2119,Some(AttributeKey[java.io.File]("dependencyCacheDirectory") in Scope(Build: file:/C:/Users/tashi/Documents/updatedversion/WebApp_CrashCourses-master/CrashCourses/, , Project: ProjectReference(file:/C:/Users/tashi/Documents/updatedversion/WebApp_CrashCourses-master/CrashCourses/,root))))
Sending msg to client play-fork-run-2da4c9c7-e701-4a3e-88b0-4a5756f6556f: TaskFinished(30,2112,None,true,None)
Sending msg to client play-fork-run-2da4c9c7-e701-4a3e-88b0-4a5756f6556f: TaskFinished(30,2123,None,true,None)
Sending msg to client play-fork-run-2da4c9c7-e701-4a3e-88b0-4a5756f6556f: TaskStarted(30,2122,None)
Sending msg to client play-fork-run-2da4c9c7-e701-4a3e-88b0-4a5756f6556f: TaskStarted(30,2130,None)
Sending msg to client play-fork-run-2da4c9c7-e701-4a3e-88b0-4a5756f6556f: TaskStarted(30,2143,None)
Sending msg to client play-fork-run-2da4c9c7-e701-4a3e-88b0-4a5756f6556f: TaskStarted(30,2145,None)
Sending msg to client play-fork-run-2da4c9c7-e701-4a3e-88b0-4a5756f6556f: TaskStarted(30,2146,None)
Sending msg to client play-fork-run-2da4c9c7-e701-4a3e-88b0-4a5756f6556f: TaskStarted(30,2156,None)
Sending msg to client play-fork-run-2da4c9c7-e701-4a3e-88b0-4a5756f6556f: TaskStarted(30,2159,None)
Sending msg to client play-fork-run-2da4c9c7-e701-4a3e-88b0-4a5756f6556f: TaskStarted(30,2160,None)
Sending msg to client play-fork-run-2da4c9c7-e701-4a3e-88b0-4a5756f6556f: TaskFinished(30,2109,Some(AttributeKey[scala.collection.Seq[java.lang.String]]("javaOptions") in Scope(Global)),true,None)
Sending msg to client play-fork-run-2da4c9c7-e701-4a3e-88b0-4a5756f6556f: TaskStarted(30,2108,Some(AttributeKey[scala.collection.Seq[java.lang.String]]("javaOptions") in Scope(Build: file:/C:/Users/tashi/Documents/updatedversion/WebApp_CrashCourses-master/CrashCourses/, )))
Sending msg to client play-fork-run-2da4c9c7-e701-4a3e-88b0-4a5756f6556f: TaskFinished(30,2125,None,true,None)
Sending msg to client play-fork-run-2da4c9c7-e701-4a3e-88b0-4a5756f6556f: TaskFinished(30,2126,None,true,None)
Sending msg to client play-fork-run-2da4c9c7-e701-4a3e-88b0-4a5756f6556f: TaskStarted(30,2124,Some(AttributeKey[scala.collection.Seq[sbt.UpdateReport]]("transitiveUpdate") in Scope(Build: file:/C:/Users/tashi/Documents/updatedversion/WebApp_CrashCourses-master/CrashCourses/, , Project: ProjectReference(file:/C:/Users/tashi/Documents/updatedversion/WebApp_CrashCourses-master/CrashCourses/,root))))
Sending msg to client play-fork-run-2da4c9c7-e701-4a3e-88b0-4a5756f6556f: TaskFinished(30,2127,None,true,None)
Sending msg to client play-fork-run-2da4c9c7-e701-4a3e-88b0-4a5756f6556f: TaskFinished(30,2131,Some(AttributeKey[java.lang.String]("updateCacheName") in Scope(Build: file:/C:/Users/tashi/Documents/updatedversion/WebApp_CrashCourses-master/CrashCourses/, , Project: ProjectReference(file:/C:/Users/tashi/Documents/updatedversion/WebApp_CrashCourses-master/CrashCourses/,root))),true,None)
Sending msg to client play-fork-run-2da4c9c7-e701-4a3e-88b0-4a5756f6556f: TaskFinished(30,2132,Some(AttributeKey[boolean]("skip") in Scope(Global)),true,None)
Sending msg to client play-fork-run-2da4c9c7-e701-4a3e-88b0-4a5756f6556f: TaskFinished(30,2140,Some(AttributeKey[scala.collection.Seq[sbt.Resolver]]("externalResolvers") in Scope(Build: file:/C:/Users/tashi/Documents/updatedversion/WebApp_CrashCourses-master/CrashCourses/, , Project: ProjectReference(file:/C:/Users/tashi/Documents/updatedversion/WebApp_CrashCourses-master/CrashCourses/,root))),true,None)
Sending msg to client play-fork-run-2da4c9c7-e701-4a3e-88b0-4a5756f6556f: TaskFinished(30,2144,Some(AttributeKey[scala.Option[scala.collection.Seq[sbt.Resolver]]]("bootResolvers") in Scope(Build: file:/C:/Users/tashi/Documents/updatedversion/WebApp_CrashCourses-master/CrashCourses/, , Project: ProjectReference(file:/C:/Users/tashi/Documents/updatedversion/WebApp_CrashCourses-master/CrashCourses/,root))),true,None)
Sending msg to client play-fork-run-2da4c9c7-e701-4a3e-88b0-4a5756f6556f: TaskFinished(30,2147,Some(AttributeKey[scala.collection.Seq[sbt.Credentials]]("credentials") in Scope(Global)),true,None)
Sending msg to client play-fork-run-2da4c9c7-e701-4a3e-88b0-4a5756f6556f: TaskFinished(30,2155,None,true,None)
Sending msg to client play-fork-run-2da4c9c7-e701-4a3e-88b0-4a5756f6556f: TaskFinished(30,2162,Some(AttributeKey[scala.Tuple2[java.lang.String,java.io.File]]("playPrefixAndAssets") in Scope(Build: file:/C:/Users/tashi/Documents/updatedversion/WebApp_CrashCourses-master/CrashCourses/, , Project: ProjectReference(file:/C:/Users/tashi/Documents/updatedversion/WebApp_CrashCourses-master/CrashCourses/,root))),true,None)
Sending msg to client play-fork-run-2da4c9c7-e701-4a3e-88b0-4a5756f6556f: TaskStarted(30,2161,Some(AttributeKey[scala.collection.Seq[scala.Tuple2[java.lang.String,java.io.File]]]("playAllAssets") in Scope(Build: file:/C:/Users/tashi/Documents/updatedversion/WebApp_CrashCourses-master/CrashCourses/, , Project: ProjectReference(file:/C:/Users/tashi/Documents/updatedversion/WebApp_CrashCourses-master/CrashCourses/,root))))
Sending msg to client play-fork-run-2da4c9c7-e701-4a3e-88b0-4a5756f6556f: TaskFinished(30,2164,Some(AttributeKey[scala.Option[java.lang.String]]("mainClass") in Scope(Build: file:/C:/Users/tashi/Documents/updatedversion/WebApp_CrashCourses-master/CrashCourses/, , Project: ProjectReference(file:/C:/Users/tashi/Documents/updatedversion/WebApp_CrashCourses-master/CrashCourses/,root), Config: compile, Task: AttributeKey[void]("run"))),true,None)
Sending msg to client play-fork-run-2da4c9c7-e701-4a3e-88b0-4a5756f6556f: TaskFinished(30,2114,Some(AttributeKey[sbt.BuildStructure]("buildStructure") in Scope(Global)),true,None)
Sending msg to client play-fork-run-2da4c9c7-e701-4a3e-88b0-4a5756f6556f: TaskStarted(30,2113,Some(AttributeKey[sbt.Settings[sbt.Scope]]("settingsData") in Scope(Global)))
Sending msg to client play-fork-run-2da4c9c7-e701-4a3e-88b0-4a5756f6556f: TaskFinished(30,2119,Some(AttributeKey[java.io.File]("dependencyCacheDirectory") in Scope(Build: file:/C:/Users/tashi/Documents/updatedversion/WebApp_CrashCourses-master/CrashCourses/, , Project: ProjectReference(file:/C:/Users/tashi/Documents/updatedversion/WebApp_CrashCourses-master/CrashCourses/,root))),true,None)
Sending msg to client play-fork-run-2da4c9c7-e701-4a3e-88b0-4a5756f6556f: TaskFinished(30,2122,None,true,None)
Sending msg to client play-fork-run-2da4c9c7-e701-4a3e-88b0-4a5756f6556f: TaskFinished(30,2130,None,true,None)
Sending msg to client play-fork-run-2da4c9c7-e701-4a3e-88b0-4a5756f6556f: TaskStarted(30,2129,Some(AttributeKey[scala.collection.immutable.Map[sbt.ModuleID,sbt.SourcePosition]]("dependencyPositions") in Scope(Build: file:/C:/Users/tashi/Documents/updatedversion/WebApp_CrashCourses-master/CrashCourses/, , Project: ProjectReference(file:/C:/Users/tashi/Documents/updatedversion/WebApp_CrashCourses-master/CrashCourses/,root))))
Sending msg to client play-fork-run-2da4c9c7-e701-4a3e-88b0-4a5756f6556f: TaskFinished(30,2121,None,true,None)
Sending msg to client play-fork-run-2da4c9c7-e701-4a3e-88b0-4a5756f6556f: TaskFinished(30,2145,None,true,None)
Sending msg to client play-fork-run-2da4c9c7-e701-4a3e-88b0-4a5756f6556f: TaskFinished(30,2146,None,true,None)
Sending msg to client play-fork-run-2da4c9c7-e701-4a3e-88b0-4a5756f6556f: TaskFinished(30,2156,None,true,None)
Sending msg to client play-fork-run-2da4c9c7-e701-4a3e-88b0-4a5756f6556f: TaskFinished(30,2159,None,true,None)
Sending msg to client play-fork-run-2da4c9c7-e701-4a3e-88b0-4a5756f6556f: TaskFinished(30,2143,None,true,None)
Sending msg to client play-fork-run-2da4c9c7-e701-4a3e-88b0-4a5756f6556f: TaskFinished(30,2160,None,true,None)
Sending msg to client play-fork-run-2da4c9c7-e701-4a3e-88b0-4a5756f6556f: TaskFinished(30,2124,Some(AttributeKey[scala.collection.Seq[sbt.UpdateReport]]("transitiveUpdate") in Scope(Build: file:/C:/Users/tashi/Documents/updatedversion/WebApp_CrashCourses-master/CrashCourses/, , Project: ProjectReference(file:/C:/Users/tashi/Documents/updatedversion/WebApp_CrashCourses-master/CrashCourses/,root))),true,None)
Sending msg to client play-fork-run-2da4c9c7-e701-4a3e-88b0-4a5756f6556f: TaskFinished(30,2108,Some(AttributeKey[scala.collection.Seq[java.lang.String]]("javaOptions") in Scope(Build: file:/C:/Users/tashi/Documents/updatedversion/WebApp_CrashCourses-master/CrashCourses/, )),true,None)
Sending msg to client play-fork-run-2da4c9c7-e701-4a3e-88b0-4a5756f6556f: TaskFinished(30,2113,Some(AttributeKey[sbt.Settings[sbt.Scope]]("settingsData") in Scope(Global)),true,None)
Sending msg to client play-fork-run-2da4c9c7-e701-4a3e-88b0-4a5756f6556f: TaskStarted(30,2111,Some(AttributeKey[scala.collection.Seq[java.io.File]]("playMonitoredFiles") in Scope(Build: file:/C:/Users/tashi/Documents/updatedversion/WebApp_CrashCourses-master/CrashCourses/, , Project: ProjectReference(file:/C:/Users/tashi/Documents/updatedversion/WebApp_CrashCourses-master/CrashCourses/,root))))
Sending msg to client play-fork-run-2da4c9c7-e701-4a3e-88b0-4a5756f6556f: TaskStarted(30,2120,None)
Sending msg to client play-fork-run-2da4c9c7-e701-4a3e-88b0-4a5756f6556f: TaskStarted(30,2136,Some(AttributeKey[scala.collection.Seq[sbt.ModuleID]]("projectDependencies") in Scope(Build: file:/C:/Users/tashi/Documents/updatedversion/WebApp_CrashCourses-master/CrashCourses/, , Project: ProjectReference(file:/C:/Users/tashi/Documents/updatedversion/WebApp_CrashCourses-master/CrashCourses/,root))))
Sending msg to client play-fork-run-2da4c9c7-e701-4a3e-88b0-4a5756f6556f: TaskStarted(30,2142,Some(AttributeKey[scala.collection.immutable.Map[org.apache.ivy.core.module.id.ModuleRevisionId,org.apache.ivy.core.module.descriptor.ModuleDescriptor]]("projectDescriptors") in Scope(Build: file:/C:/Users/tashi/Documents/updatedversion/WebApp_CrashCourses-master/CrashCourses/, , Project: ProjectReference(file:/C:/Users/tashi/Documents/updatedversion/WebApp_CrashCourses-master/CrashCourses/,root))))
Sending msg to client play-fork-run-2da4c9c7-e701-4a3e-88b0-4a5756f6556f: TaskStarted(30,2158,None)
Sending msg to client play-fork-run-2da4c9c7-e701-4a3e-88b0-4a5756f6556f: TaskFinished(30,2161,Some(AttributeKey[scala.collection.Seq[scala.Tuple2[java.lang.String,java.io.File]]]("playAllAssets") in Scope(Build: file:/C:/Users/tashi/Documents/updatedversion/WebApp_CrashCourses-master/CrashCourses/, , Project: ProjectReference(file:/C:/Users/tashi/Documents/updatedversion/WebApp_CrashCourses-master/CrashCourses/,root))),true,None)
Sending msg to client play-fork-run-2da4c9c7-e701-4a3e-88b0-4a5756f6556f: TaskStarted(30,2165,None)
Sending msg to client play-fork-run-2da4c9c7-e701-4a3e-88b0-4a5756f6556f: TaskStarted(30,2166,None)
Sending msg to client play-fork-run-2da4c9c7-e701-4a3e-88b0-4a5756f6556f: TaskFinished(30,2136,Some(AttributeKey[scala.collection.Seq[sbt.ModuleID]]("projectDependencies") in Scope(Build: file:/C:/Users/tashi/Documents/updatedversion/WebApp_CrashCourses-master/CrashCourses/, , Project: ProjectReference(file:/C:/Users/tashi/Documents/updatedversion/WebApp_CrashCourses-master/CrashCourses/,root))),true,None)
Sending msg to client play-fork-run-2da4c9c7-e701-4a3e-88b0-4a5756f6556f: TaskStarted(30,2135,Some(AttributeKey[scala.collection.Seq[sbt.ModuleID]]("allDependencies") in Scope(Build: file:/C:/Users/tashi/Documents/updatedversion/WebApp_CrashCourses-master/CrashCourses/, , Project: ProjectReference(file:/C:/Users/tashi/Documents/updatedversion/WebApp_CrashCourses-master/CrashCourses/,root))))
Sending msg to client play-fork-run-2da4c9c7-e701-4a3e-88b0-4a5756f6556f: TaskStarted(30,2168,None)
Sending msg to client play-fork-run-2da4c9c7-e701-4a3e-88b0-4a5756f6556f: TaskStarted(30,2173,None)
Sending msg to client play-fork-run-2da4c9c7-e701-4a3e-88b0-4a5756f6556f: TaskStarted(30,2175,None)
Sending msg to client play-fork-run-2da4c9c7-e701-4a3e-88b0-4a5756f6556f: TaskStarted(30,2176,None)
Sending msg to client play-fork-run-2da4c9c7-e701-4a3e-88b0-4a5756f6556f: TaskStarted(30,2178,None)
Sending msg to client play-fork-run-2da4c9c7-e701-4a3e-88b0-4a5756f6556f: TaskStarted(30,2179,None)
Sending msg to client play-fork-run-2da4c9c7-e701-4a3e-88b0-4a5756f6556f: TaskFinished(30,2165,None,true,None)
Sending msg to client play-fork-run-2da4c9c7-e701-4a3e-88b0-4a5756f6556f: TaskFinished(30,2120,None,true,None)
Sending msg to client play-fork-run-2da4c9c7-e701-4a3e-88b0-4a5756f6556f: TaskFinished(30,2166,None,true,None)
Sending msg to client play-fork-run-2da4c9c7-e701-4a3e-88b0-4a5756f6556f: TaskFinished(30,2111,Some(AttributeKey[scala.collection.Seq[java.io.File]]("playMonitoredFiles") in Scope(Build: file:/C:/Users/tashi/Documents/updatedversion/WebApp_CrashCourses-master/CrashCourses/, , Project: ProjectReference(file:/C:/Users/tashi/Documents/updatedversion/WebApp_CrashCourses-master/CrashCourses/,root))),true,None)
Sending msg to client play-fork-run-2da4c9c7-e701-4a3e-88b0-4a5756f6556f: TaskFinished(30,2168,None,true,None)
Sending msg to client play-fork-run-2da4c9c7-e701-4a3e-88b0-4a5756f6556f: TaskStarted(30,2167,None)
Sending msg to client play-fork-run-2da4c9c7-e701-4a3e-88b0-4a5756f6556f: TaskFinished(30,2135,Some(AttributeKey[scala.collection.Seq[sbt.ModuleID]]("allDependencies") in Scope(Build: file:/C:/Users/tashi/Documents/updatedversion/WebApp_CrashCourses-master/CrashCourses/, , Project: ProjectReference(file:/C:/Users/tashi/Documents/updatedversion/WebApp_CrashCourses-master/CrashCourses/,root))),true,None)
Sending msg to client play-fork-run-2da4c9c7-e701-4a3e-88b0-4a5756f6556f: TaskStarted(30,2134,Some(AttributeKey[sbt.ModuleSettings]("moduleSettings") in Scope(Build: file:/C:/Users/tashi/Documents/updatedversion/WebApp_CrashCourses-master/CrashCourses/, , Project: ProjectReference(file:/C:/Users/tashi/Documents/updatedversion/WebApp_CrashCourses-master/CrashCourses/,root))))
Sending msg to client play-fork-run-2da4c9c7-e701-4a3e-88b0-4a5756f6556f: TaskFinished(30,2173,None,true,None)
Sending msg to client play-fork-run-2da4c9c7-e701-4a3e-88b0-4a5756f6556f: TaskStarted(30,2172,None)
Sending msg to client play-fork-run-2da4c9c7-e701-4a3e-88b0-4a5756f6556f: TaskFinished(30,2176,None,true,None)
Sending msg to client play-fork-run-2da4c9c7-e701-4a3e-88b0-4a5756f6556f: TaskFinished(30,2179,None,true,None)
Sending msg to client play-fork-run-2da4c9c7-e701-4a3e-88b0-4a5756f6556f: TaskFinished(30,2178,None,true,None)
Sending msg to client play-fork-run-2da4c9c7-e701-4a3e-88b0-4a5756f6556f: TaskStarted(30,2177,Some(AttributeKey[scala.collection.Seq[sbt.Attributed[java.io.File]]]("unmanagedJars") in Scope(Build: file:/C:/Users/tashi/Documents/updatedversion/WebApp_CrashCourses-master/CrashCourses/, , Project: ProjectReference(file:/C:/Users/tashi/Documents/updatedversion/WebApp_CrashCourses-master/CrashCourses/,root), Config: runtime)))
Sending msg to client play-fork-run-2da4c9c7-e701-4a3e-88b0-4a5756f6556f: TaskFinished(30,2167,None,true,None)
Sending msg to client play-fork-run-2da4c9c7-e701-4a3e-88b0-4a5756f6556f: TaskFinished(30,2142,Some(AttributeKey[scala.collection.immutable.Map[org.apache.ivy.core.module.id.ModuleRevisionId,org.apache.ivy.core.module.descriptor.ModuleDescriptor]]("projectDescriptors") in Scope(Build: file:/C:/Users/tashi/Documents/updatedversion/WebApp_CrashCourses-master/CrashCourses/, , Project: ProjectReference(file:/C:/Users/tashi/Documents/updatedversion/WebApp_CrashCourses-master/CrashCourses/,root))),true,None)
Sending msg to client play-fork-run-2da4c9c7-e701-4a3e-88b0-4a5756f6556f: TaskStarted(30,2141,Some(AttributeKey[sbt.Resolver]("projectResolver") in Scope(Build: file:/C:/Users/tashi/Documents/updatedversion/WebApp_CrashCourses-master/CrashCourses/, , Project: ProjectReference(file:/C:/Users/tashi/Documents/updatedversion/WebApp_CrashCourses-master/CrashCourses/,root))))
Sending msg to client play-fork-run-2da4c9c7-e701-4a3e-88b0-4a5756f6556f: TaskFinished(30,2134,Some(AttributeKey[sbt.ModuleSettings]("moduleSettings") in Scope(Build: file:/C:/Users/tashi/Documents/updatedversion/WebApp_CrashCourses-master/CrashCourses/, , Project: ProjectReference(file:/C:/Users/tashi/Documents/updatedversion/WebApp_CrashCourses-master/CrashCourses/,root))),true,None)
Sending msg to client play-fork-run-2da4c9c7-e701-4a3e-88b0-4a5756f6556f: TaskStarted(30,2180,None)
Sending msg to client play-fork-run-2da4c9c7-e701-4a3e-88b0-4a5756f6556f: TaskFinished(30,2141,Some(AttributeKey[sbt.Resolver]("projectResolver") in Scope(Build: file:/C:/Users/tashi/Documents/updatedversion/WebApp_CrashCourses-master/CrashCourses/, , Project: ProjectReference(file:/C:/Users/tashi/Documents/updatedversion/WebApp_CrashCourses-master/CrashCourses/,root))),true,None)
Sending msg to client play-fork-run-2da4c9c7-e701-4a3e-88b0-4a5756f6556f: TaskStarted(30,2139,Some(AttributeKey[scala.collection.Seq[sbt.Resolver]]("fullResolvers") in Scope(Build: file:/C:/Users/tashi/Documents/updatedversion/WebApp_CrashCourses-master/CrashCourses/, , Project: ProjectReference(file:/C:/Users/tashi/Documents/updatedversion/WebApp_CrashCourses-master/CrashCourses/,root))))
Sending msg to client play-fork-run-2da4c9c7-e701-4a3e-88b0-4a5756f6556f: TaskFinished(30,2180,None,true,None)
Sending msg to client play-fork-run-2da4c9c7-e701-4a3e-88b0-4a5756f6556f: TaskFinished(30,2172,None,true,None)
Sending msg to client play-fork-run-2da4c9c7-e701-4a3e-88b0-4a5756f6556f: TaskFinished(30,2139,Some(AttributeKey[scala.collection.Seq[sbt.Resolver]]("fullResolvers") in Scope(Build: file:/C:/Users/tashi/Documents/updatedversion/WebApp_CrashCourses-master/CrashCourses/, , Project: ProjectReference(file:/C:/Users/tashi/Documents/updatedversion/WebApp_CrashCourses-master/CrashCourses/,root))),true,None)
Sending msg to client play-fork-run-2da4c9c7-e701-4a3e-88b0-4a5756f6556f: TaskStarted(30,2138,Some(AttributeKey[sbt.IvyConfiguration]("ivyConfiguration") in Scope(Build: file:/C:/Users/tashi/Documents/updatedversion/WebApp_CrashCourses-master/CrashCourses/, , Project: ProjectReference(file:/C:/Users/tashi/Documents/updatedversion/WebApp_CrashCourses-master/CrashCourses/,root))))
Sending msg to client play-fork-run-2da4c9c7-e701-4a3e-88b0-4a5756f6556f: TaskFinished(30,2175,None,true,None)
Sending msg to client play-fork-run-2da4c9c7-e701-4a3e-88b0-4a5756f6556f: TaskStarted(30,2174,Some(AttributeKey[scala.collection.Seq[sbt.Attributed[java.io.File]]]("unmanagedJars") in Scope(Build: file:/C:/Users/tashi/Documents/updatedversion/WebApp_CrashCourses-master/CrashCourses/, , Project: ProjectReference(file:/C:/Users/tashi/Documents/updatedversion/WebApp_CrashCourses-master/CrashCourses/,root), Config: compile)))
Sending msg to client play-fork-run-2da4c9c7-e701-4a3e-88b0-4a5756f6556f: TaskFinished(30,2177,Some(AttributeKey[scala.collection.Seq[sbt.Attributed[java.io.File]]]("unmanagedJars") in Scope(Build: file:/C:/Users/tashi/Documents/updatedversion/WebApp_CrashCourses-master/CrashCourses/, , Project: ProjectReference(file:/C:/Users/tashi/Documents/updatedversion/WebApp_CrashCourses-master/CrashCourses/,root), Config: runtime)),true,None)
Sending msg to client play-fork-run-2da4c9c7-e701-4a3e-88b0-4a5756f6556f: TaskFinished(30,2138,Some(AttributeKey[sbt.IvyConfiguration]("ivyConfiguration") in Scope(Build: file:/C:/Users/tashi/Documents/updatedversion/WebApp_CrashCourses-master/CrashCourses/, , Project: ProjectReference(file:/C:/Users/tashi/Documents/updatedversion/WebApp_CrashCourses-master/CrashCourses/,root))),true,None)
Sending msg to client play-fork-run-2da4c9c7-e701-4a3e-88b0-4a5756f6556f: TaskStarted(30,2137,Some(AttributeKey[sbt.IvySbt]("ivySbt") in Scope(Build: file:/C:/Users/tashi/Documents/updatedversion/WebApp_CrashCourses-master/CrashCourses/, , Project: ProjectReference(file:/C:/Users/tashi/Documents/updatedversion/WebApp_CrashCourses-master/CrashCourses/,root))))
Sending msg to client play-fork-run-2da4c9c7-e701-4a3e-88b0-4a5756f6556f: TaskFinished(30,2174,Some(AttributeKey[scala.collection.Seq[sbt.Attributed[java.io.File]]]("unmanagedJars") in Scope(Build: file:/C:/Users/tashi/Documents/updatedversion/WebApp_CrashCourses-master/CrashCourses/, , Project: ProjectReference(file:/C:/Users/tashi/Documents/updatedversion/WebApp_CrashCourses-master/CrashCourses/,root), Config: compile)),true,None)
Sending msg to client play-fork-run-2da4c9c7-e701-4a3e-88b0-4a5756f6556f: TaskStarted(30,2171,Some(AttributeKey[scala.collection.Seq[sbt.Attributed[java.io.File]]]("unmanagedJars") in Scope(Build: file:/C:/Users/tashi/Documents/updatedversion/WebApp_CrashCourses-master/CrashCourses/, , Project: ProjectReference(file:/C:/Users/tashi/Documents/updatedversion/WebApp_CrashCourses-master/CrashCourses/,root), Config: compile)))
Sending msg to client play-fork-run-2da4c9c7-e701-4a3e-88b0-4a5756f6556f: TaskFinished(30,2137,Some(AttributeKey[sbt.IvySbt]("ivySbt") in Scope(Build: file:/C:/Users/tashi/Documents/updatedversion/WebApp_CrashCourses-master/CrashCourses/, , Project: ProjectReference(file:/C:/Users/tashi/Documents/updatedversion/WebApp_CrashCourses-master/CrashCourses/,root))),true,None)
Sending msg to client play-fork-run-2da4c9c7-e701-4a3e-88b0-4a5756f6556f: TaskStarted(30,2133,Some(AttributeKey[sbt.IvySbt$Module]("ivyModule") in Scope(Build: file:/C:/Users/tashi/Documents/updatedversion/WebApp_CrashCourses-master/CrashCourses/, , Project: ProjectReference(file:/C:/Users/tashi/Documents/updatedversion/WebApp_CrashCourses-master/CrashCourses/,root))))
Sending msg to client play-fork-run-2da4c9c7-e701-4a3e-88b0-4a5756f6556f: TaskFinished(30,2129,Some(AttributeKey[scala.collection.immutable.Map[sbt.ModuleID,sbt.SourcePosition]]("dependencyPositions") in Scope(Build: file:/C:/Users/tashi/Documents/updatedversion/WebApp_CrashCourses-master/CrashCourses/, , Project: ProjectReference(file:/C:/Users/tashi/Documents/updatedversion/WebApp_CrashCourses-master/CrashCourses/,root))),true,None)
Sending msg to client play-fork-run-2da4c9c7-e701-4a3e-88b0-4a5756f6556f: TaskStarted(30,2128,Some(AttributeKey[sbt.UnresolvedWarningConfiguration]("unresolvedWarningConfiguration") in Scope(Build: file:/C:/Users/tashi/Documents/updatedversion/WebApp_CrashCourses-master/CrashCourses/, , Project: ProjectReference(file:/C:/Users/tashi/Documents/updatedversion/WebApp_CrashCourses-master/CrashCourses/,root), Task: AttributeKey[sbt.UpdateReport]("update"))))
Sending msg to client play-fork-run-2da4c9c7-e701-4a3e-88b0-4a5756f6556f: TaskFinished(30,2171,Some(AttributeKey[scala.collection.Seq[sbt.Attributed[java.io.File]]]("unmanagedJars") in Scope(Build: file:/C:/Users/tashi/Documents/updatedversion/WebApp_CrashCourses-master/CrashCourses/, , Project: ProjectReference(file:/C:/Users/tashi/Documents/updatedversion/WebApp_CrashCourses-master/CrashCourses/,root), Config: compile)),true,None)
Sending msg to client play-fork-run-2da4c9c7-e701-4a3e-88b0-4a5756f6556f: TaskStarted(30,2170,None)
Sending msg to client play-fork-run-2da4c9c7-e701-4a3e-88b0-4a5756f6556f: TaskFinished(30,2133,Some(AttributeKey[sbt.IvySbt$Module]("ivyModule") in Scope(Build: file:/C:/Users/tashi/Documents/updatedversion/WebApp_CrashCourses-master/CrashCourses/, , Project: ProjectReference(file:/C:/Users/tashi/Documents/updatedversion/WebApp_CrashCourses-master/CrashCourses/,root))),true,None)
Sending msg to client play-fork-run-2da4c9c7-e701-4a3e-88b0-4a5756f6556f: TaskFinished(30,2128,Some(AttributeKey[sbt.UnresolvedWarningConfiguration]("unresolvedWarningConfiguration") in Scope(Build: file:/C:/Users/tashi/Documents/updatedversion/WebApp_CrashCourses-master/CrashCourses/, , Project: ProjectReference(file:/C:/Users/tashi/Documents/updatedversion/WebApp_CrashCourses-master/CrashCourses/,root), Task: AttributeKey[sbt.UpdateReport]("update"))),true,None)
Sending msg to client play-fork-run-2da4c9c7-e701-4a3e-88b0-4a5756f6556f: TaskStarted(30,2118,Some(AttributeKey[sbt.UpdateReport]("update") in Scope(Build: file:/C:/Users/tashi/Documents/updatedversion/WebApp_CrashCourses-master/CrashCourses/, , Project: ProjectReference(file:/C:/Users/tashi/Documents/updatedversion/WebApp_CrashCourses-master/CrashCourses/,root))))
Sending msg to client play-fork-run-2da4c9c7-e701-4a3e-88b0-4a5756f6556f: TaskFinished(30,2170,None,true,None)
Sending msg to client play-fork-run-2da4c9c7-e701-4a3e-88b0-4a5756f6556f: TaskStarted(30,2169,None)
Sending msg to client play-fork-run-2da4c9c7-e701-4a3e-88b0-4a5756f6556f: TaskFinished(30,2169,None,true,None)
Sending msg to client play-fork-run-2da4c9c7-e701-4a3e-88b0-4a5756f6556f: TaskFinished(30,2158,None,true,None)
Sending msg to client play-fork-run-2da4c9c7-e701-4a3e-88b0-4a5756f6556f: TaskStarted(30,2157,Some(AttributeKey[scala.collection.Seq[sbt.Attributed[java.io.File]]]("unmanagedClasspath") in Scope(Build: file:/C:/Users/tashi/Documents/updatedversion/WebApp_CrashCourses-master/CrashCourses/, , Project: ProjectReference(file:/C:/Users/tashi/Documents/updatedversion/WebApp_CrashCourses-master/CrashCourses/,root), Config: runtime)))
Sending msg to client play-fork-run-2da4c9c7-e701-4a3e-88b0-4a5756f6556f: TaskFinished(30,2157,Some(AttributeKey[scala.collection.Seq[sbt.Attributed[java.io.File]]]("unmanagedClasspath") in Scope(Build: file:/C:/Users/tashi/Documents/updatedversion/WebApp_CrashCourses-master/CrashCourses/, , Project: ProjectReference(file:/C:/Users/tashi/Documents/updatedversion/WebApp_CrashCourses-master/CrashCourses/,root), Config: runtime)),true,None)
Sending msg to client play-fork-run-2da4c9c7-e701-4a3e-88b0-4a5756f6556f: TaskFinished(30,2118,Some(AttributeKey[sbt.UpdateReport]("update") in Scope(Build: file:/C:/Users/tashi/Documents/updatedversion/WebApp_CrashCourses-master/CrashCourses/, , Project: ProjectReference(file:/C:/Users/tashi/Documents/updatedversion/WebApp_CrashCourses-master/CrashCourses/,root))),true,None)
Sending msg to client play-fork-run-2da4c9c7-e701-4a3e-88b0-4a5756f6556f: TaskStarted(30,2117,Some(AttributeKey[sbt.UpdateReport]("update") in Scope(Build: file:/C:/Users/tashi/Documents/updatedversion/WebApp_CrashCourses-master/CrashCourses/, , Project: ProjectReference(file:/C:/Users/tashi/Documents/updatedversion/WebApp_CrashCourses-master/CrashCourses/,root))))
Sending msg to client play-fork-run-2da4c9c7-e701-4a3e-88b0-4a5756f6556f: TaskFinished(30,2117,Some(AttributeKey[sbt.UpdateReport]("update") in Scope(Build: file:/C:/Users/tashi/Documents/updatedversion/WebApp_CrashCourses-master/CrashCourses/, , Project: ProjectReference(file:/C:/Users/tashi/Documents/updatedversion/WebApp_CrashCourses-master/CrashCourses/,root))),true,None)
Sending msg to client play-fork-run-2da4c9c7-e701-4a3e-88b0-4a5756f6556f: TaskStarted(30,2116,Some(AttributeKey[scala.collection.Seq[sbt.Attributed[java.io.File]]]("managedClasspath") in Scope(Build: file:/C:/Users/tashi/Documents/updatedversion/WebApp_CrashCourses-master/CrashCourses/, , Project: ProjectReference(file:/C:/Users/tashi/Documents/updatedversion/WebApp_CrashCourses-master/CrashCourses/,root), Config: docs)))
Sending msg to client play-fork-run-2da4c9c7-e701-4a3e-88b0-4a5756f6556f: TaskStarted(30,2154,Some(AttributeKey[sbt.Configuration]("classpathConfiguration") in Scope(Build: file:/C:/Users/tashi/Documents/updatedversion/WebApp_CrashCourses-master/CrashCourses/, , Project: ProjectReference(file:/C:/Users/tashi/Documents/updatedversion/WebApp_CrashCourses-master/CrashCourses/,root), Config: compile)))
Sending msg to client play-fork-run-2da4c9c7-e701-4a3e-88b0-4a5756f6556f: TaskFinished(30,2116,Some(AttributeKey[scala.collection.Seq[sbt.Attributed[java.io.File]]]("managedClasspath") in Scope(Build: file:/C:/Users/tashi/Documents/updatedversion/WebApp_CrashCourses-master/CrashCourses/, , Project: ProjectReference(file:/C:/Users/tashi/Documents/updatedversion/WebApp_CrashCourses-master/CrashCourses/,root), Config: docs)),true,None)
Sending msg to client play-fork-run-2da4c9c7-e701-4a3e-88b0-4a5756f6556f: TaskStarted(30,2163,Some(AttributeKey[scala.Option[java.io.File]]("playDocsJar") in Scope(Build: file:/C:/Users/tashi/Documents/updatedversion/WebApp_CrashCourses-master/CrashCourses/, , Project: ProjectReference(file:/C:/Users/tashi/Documents/updatedversion/WebApp_CrashCourses-master/CrashCourses/,root))))
Sending msg to client play-fork-run-2da4c9c7-e701-4a3e-88b0-4a5756f6556f: TaskFinished(30,2154,Some(AttributeKey[sbt.Configuration]("classpathConfiguration") in Scope(Build: file:/C:/Users/tashi/Documents/updatedversion/WebApp_CrashCourses-master/CrashCourses/, , Project: ProjectReference(file:/C:/Users/tashi/Documents/updatedversion/WebApp_CrashCourses-master/CrashCourses/,root), Config: compile)),true,None)
Sending msg to client play-fork-run-2da4c9c7-e701-4a3e-88b0-4a5756f6556f: TaskStarted(30,2153,None)
Sending msg to client play-fork-run-2da4c9c7-e701-4a3e-88b0-4a5756f6556f: TaskFinished(30,2163,Some(AttributeKey[scala.Option[java.io.File]]("playDocsJar") in Scope(Build: file:/C:/Users/tashi/Documents/updatedversion/WebApp_CrashCourses-master/CrashCourses/, , Project: ProjectReference(file:/C:/Users/tashi/Documents/updatedversion/WebApp_CrashCourses-master/CrashCourses/,root))),true,None)
Sending msg to client play-fork-run-2da4c9c7-e701-4a3e-88b0-4a5756f6556f: TaskFinished(30,2153,None,true,None)
Sending msg to client play-fork-run-2da4c9c7-e701-4a3e-88b0-4a5756f6556f: TaskStarted(30,2152,Some(AttributeKey[sbt.Configuration]("classpathConfiguration") in Scope(Build: file:/C:/Users/tashi/Documents/updatedversion/WebApp_CrashCourses-master/CrashCourses/, , Project: ProjectReference(file:/C:/Users/tashi/Documents/updatedversion/WebApp_CrashCourses-master/CrashCourses/,root), Config: runtime)))
Sending msg to client play-fork-run-2da4c9c7-e701-4a3e-88b0-4a5756f6556f: TaskFinished(30,2152,Some(AttributeKey[sbt.Configuration]("classpathConfiguration") in Scope(Build: file:/C:/Users/tashi/Documents/updatedversion/WebApp_CrashCourses-master/CrashCourses/, , Project: ProjectReference(file:/C:/Users/tashi/Documents/updatedversion/WebApp_CrashCourses-master/CrashCourses/,root), Config: runtime)),true,None)
Sending msg to client play-fork-run-2da4c9c7-e701-4a3e-88b0-4a5756f6556f: TaskStarted(30,2151,None)
Sending msg to client play-fork-run-2da4c9c7-e701-4a3e-88b0-4a5756f6556f: TaskFinished(30,2151,None,true,None)
Sending msg to client play-fork-run-2da4c9c7-e701-4a3e-88b0-4a5756f6556f: TaskStarted(30,2150,Some(AttributeKey[scala.collection.Seq[sbt.Attributed[java.io.File]]]("managedClasspath") in Scope(Build: file:/C:/Users/tashi/Documents/updatedversion/WebApp_CrashCourses-master/CrashCourses/, , Project: ProjectReference(file:/C:/Users/tashi/Documents/updatedversion/WebApp_CrashCourses-master/CrashCourses/,root), Config: runtime)))
Sending msg to client play-fork-run-2da4c9c7-e701-4a3e-88b0-4a5756f6556f: TaskFinished(30,2150,Some(AttributeKey[scala.collection.Seq[sbt.Attributed[java.io.File]]]("managedClasspath") in Scope(Build: file:/C:/Users/tashi/Documents/updatedversion/WebApp_CrashCourses-master/CrashCourses/, , Project: ProjectReference(file:/C:/Users/tashi/Documents/updatedversion/WebApp_CrashCourses-master/CrashCourses/,root), Config: runtime)),true,None)
Sending msg to client play-fork-run-2da4c9c7-e701-4a3e-88b0-4a5756f6556f: TaskStarted(30,2149,None)
Sending msg to client play-fork-run-2da4c9c7-e701-4a3e-88b0-4a5756f6556f: TaskFinished(30,2149,None,true,None)
Sending msg to client play-fork-run-2da4c9c7-e701-4a3e-88b0-4a5756f6556f: TaskStarted(30,2148,Some(AttributeKey[scala.collection.Seq[sbt.Attributed[java.io.File]]]("playDependencyClasspath") in Scope(Build: file:/C:/Users/tashi/Documents/updatedversion/WebApp_CrashCourses-master/CrashCourses/, , Project: ProjectReference(file:/C:/Users/tashi/Documents/updatedversion/WebApp_CrashCourses-master/CrashCourses/,root))))
Sending msg to client play-fork-run-2da4c9c7-e701-4a3e-88b0-4a5756f6556f: TaskFinished(30,2148,Some(AttributeKey[scala.collection.Seq[sbt.Attributed[java.io.File]]]("playDependencyClasspath") in Scope(Build: file:/C:/Users/tashi/Documents/updatedversion/WebApp_CrashCourses-master/CrashCourses/, , Project: ProjectReference(file:/C:/Users/tashi/Documents/updatedversion/WebApp_CrashCourses-master/CrashCourses/,root))),true,None)
Sending msg to client play-fork-run-2da4c9c7-e701-4a3e-88b0-4a5756f6556f: TaskStarted(30,2107,Some(AttributeKey[play.forkrun.protocol.ForkConfig]("playForkConfig") in Scope(Build: file:/C:/Users/tashi/Documents/updatedversion/WebApp_CrashCourses-master/CrashCourses/, , Project: ProjectReference(file:/C:/Users/tashi/Documents/updatedversion/WebApp_CrashCourses-master/CrashCourses/,root))))
Sending msg to client play-fork-run-2da4c9c7-e701-4a3e-88b0-4a5756f6556f: TaskFinished(30,2107,Some(AttributeKey[play.forkrun.protocol.ForkConfig]("playForkConfig") in Scope(Build: file:/C:/Users/tashi/Documents/updatedversion/WebApp_CrashCourses-master/CrashCourses/, , Project: ProjectReference(file:/C:/Users/tashi/Documents/updatedversion/WebApp_CrashCourses-master/CrashCourses/,root))),true,None)
Sending msg to client play-fork-run-2da4c9c7-e701-4a3e-88b0-4a5756f6556f: ValueChanged(AttributeKey[play.forkrun.protocol.ForkConfig]("playForkConfig") in Scope(Build: file:/C:/Users/tashi/Documents/updatedversion/WebApp_CrashCourses-master/CrashCourses/, , Project: ProjectReference(file:/C:/Users/tashi/Documents/updatedversion/WebApp_CrashCourses-master/CrashCourses/,root)),TaskSuccess(BuildValue(LazyValue(ForkConfig(C:\Users\tashi\Documents\updatedversion\WebApp_CrashCourses-master\CrashCourses,List(-Djna.nosys=true),List(C:\Users\tashi\Documents\updatedversion\WebApp_CrashCourses-master\CrashCourses\lib\jsoup-1.10.2.jar, C:\Users\tashi\.ivy2\cache\org.scala-lang\scala-library\jars\scala-library-2.11.7.jar, C:\Users\tashi\.ivy2\cache\com.typesafe.play\twirl-api_2.11\jars\twirl-api_2.11-1.1.1.jar, C:\Users\tashi\.ivy2\cache\org.apache.commons\commons-lang3\jars\commons-lang3-3.4.jar, C:\Users\tashi\.ivy2\cache\org.scala-lang.modules\scala-xml_2.11\bundles\scala-xml_2.11-1.0.1.jar, C:\Users\tashi\.ivy2\cache\com.typesafe.play\play-enhancer\jars\play-enhancer-1.1.0.jar, C:\Users\tashi\.ivy2\cache\com.typesafe.play\play-server_2.11\jars\play-server_2.11-2.5.10.jar, C:\Users\tashi\.ivy2\cache\com.typesafe.play\play_2.11\jars\play_2.11-2.5.10.jar, C:\Users\tashi\.ivy2\cache\com.typesafe.play\build-link\jars\build-link-2.5.10.jar, C:\Users\tashi\.ivy2\cache\com.typesafe.play\play-exceptions\jars\play-exceptions-2.5.10.jar, C:\Users\tashi\.ivy2\cache\com.typesafe.play\play-iteratees_2.11\jars\play-iteratees_2.11-2.5.10.jar, C:\Users\tashi\.ivy2\cache\org.scala-stm\scala-stm_2.11\jars\scala-stm_2.11-0.7.jar, C:\Users\tashi\.ivy2\cache\com.typesafe\config\bundles\config-1.3.0.jar, C:\Users\tashi\.ivy2\cache\com.typesafe.play\play-json_2.11\jars\play-json_2.11-2.5.10.jar, C:\Users\tashi\.ivy2\cache\com.typesafe.play\play-functional_2.11\jars\play-functional_2.11-2.5.10.jar, C:\Users\tashi\.ivy2\cache\com.typesafe.play\play-datacommons_2.11\jars\play-datacommons_2.11-2.5.10.jar, C:\Users\tashi\.ivy2\cache\joda-time\joda-time\jars\joda-time-2.9.6.jar, C:\Users\tashi\.ivy2\cache\org.joda\joda-convert\jars\joda-convert-1.8.1.jar, C:\Users\tashi\.ivy2\cache\org.scala-lang\scala-reflect\jars\scala-reflect-2.11.7.jar, C:\Users\tashi\.ivy2\cache\com.fasterxml.jackson.core\jackson-core\bundles\jackson-core-2.7.8.jar, C:\Users\tashi\.ivy2\cache\com.fasterxml.jackson.core\jackson-annotations\bundles\jackson-annotations-2.7.8.jar, C:\Users\tashi\.ivy2\cache\com.fasterxml.jackson.core\jackson-databind\bundles\jackson-databind-2.7.8.jar, C:\Users\tashi\.ivy2\cache\com.fasterxml.jackson.datatype\jackson-datatype-jdk8\bundles\jackson-datatype-jdk8-2.7.8.jar, C:\Users\tashi\.ivy2\cache\com.fasterxml.jackson.datatype\jackson-datatype-jsr310\bundles\jackson-datatype-jsr310-2.7.8.jar, C:\Users\tashi\.ivy2\cache\com.typesafe.play\play-netty-utils\jars\play-netty-utils-2.5.10.jar, C:\Users\tashi\.ivy2\cache\org.slf4j\slf4j-api\jars\slf4j-api-1.7.21.jar, C:\Users\tashi\.ivy2\cache\org.slf4j\jul-to-slf4j\jars\jul-to-slf4j-1.7.21.jar, C:\Users\tashi\.ivy2\cache\org.slf4j\jcl-over-slf4j\jars\jcl-over-slf4j-1.7.21.jar, C:\Users\tashi\.ivy2\cache\com.typesafe.play\play-streams_2.11\jars\play-streams_2.11-2.5.10.jar, C:\Users\tashi\.ivy2\cache\org.reactivestreams\reactive-streams\jars\reactive-streams-1.0.0.jar, C:\Users\tashi\.ivy2\cache\com.typesafe.akka\akka-stream_2.11\jars\akka-stream_2.11-2.4.12.jar, C:\Users\tashi\.ivy2\cache\com.typesafe.akka\akka-actor_2.11\jars\akka-actor_2.11-2.4.12.jar, C:\Users\tashi\.ivy2\cache\org.scala-lang.modules\scala-java8-compat_2.11\bundles\scala-java8-compat_2.11-0.7.0.jar, C:\Users\tashi\.ivy2\cache\com.typesafe\ssl-config-core_2.11\bundles\ssl-config-core_2.11-0.2.1.jar, C:\Users\tashi\.ivy2\cache\org.scala-lang.modules\scala-parser-combinators_2.11\bundles\scala-parser-combinators_2.11-1.0.4.jar, C:\Users\tashi\.ivy2\cache\com.typesafe.akka\akka-slf4j_2.11\jars\akka-slf4j_2.11-2.4.12.jar, C:\Users\tashi\.ivy2\cache\commons-codec\commons-codec\jars\commons-codec-1.10.jar, C:\Users\tashi\.ivy2\cache\xerces\xercesImpl\jars\xercesImpl-2.11.0.jar, C:\Users\tashi\.ivy2\cache\xml-apis\xml-apis\jars\xml-apis-1.4.01.jar, C:\Users\tashi\.ivy2\cache\javax.transaction\jta\jars\jta-1.1.jar, C:\Users\tashi\.ivy2\cache\com.google.inject\guice\jars\guice-4.0.jar, C:\Users\tashi\.ivy2\cache\javax.inject\javax.inject\jars\javax.inject-1.jar, C:\Users\tashi\.ivy2\cache\aopalliance\aopalliance\jars\aopalliance-1.0.jar, C:\Users\tashi\.ivy2\cache\com.google.inject.extensions\guice-assistedinject\jars\guice-assistedinject-4.0.jar, C:\Users\tashi\.ivy2\cache\com.typesafe.play\play-java_2.11\jars\play-java_2.11-2.5.10.jar, C:\Users\tashi\.ivy2\cache\org.yaml\snakeyaml\bundles\snakeyaml-1.16.jar, C:\Users\tashi\.ivy2\cache\org.hibernate\hibernate-validator\jars\hibernate-validator-5.2.4.Final.jar, C:\Users\tashi\.ivy2\cache\javax.validation\validation-api\jars\validation-api-1.1.0.Final.jar, C:\Users\tashi\.ivy2\cache\org.jboss.logging\jboss-logging\jars\jboss-logging-3.2.1.Final.jar, C:\Users\tashi\.ivy2\cache\com.fasterxml\classmate\bundles\classmate-1.1.0.jar, C:\Users\tashi\.ivy2\cache\javax.el\javax.el-api\jars\javax.el-api-3.0.0.jar, C:\Users\tashi\.ivy2\cache\org.springframework\spring-context\jars\spring-context-4.2.7.RELEASE.jar, C:\Users\tashi\.ivy2\cache\org.springframework\spring-core\jars\spring-core-4.2.7.RELEASE.jar, C:\Users\tashi\.ivy2\cache\org.springframework\spring-beans\jars\spring-beans-4.2.7.RELEASE.jar, C:\Users\tashi\.ivy2\cache\org.reflections\reflections\jars\reflections-0.9.10.jar, C:\Users\tashi\.ivy2\cache\com.google.guava\guava\bundles\guava-19.0.jar, C:\Users\tashi\.ivy2\cache\net.jodah\typetools\bundles\typetools-0.4.4.jar, C:\Users\tashi\.ivy2\cache\com.google.code.findbugs\jsr305\jars\jsr305-3.0.1.jar, C:\Users\tashi\.ivy2\cache\org.apache.tomcat\tomcat-servlet-api\jars\tomcat-servlet-api-8.0.33.jar, C:\Users\tashi\.ivy2\cache\com.typesafe.play\play-netty-server_2.11\jars\play-netty-server_2.11-2.5.10.jar, C:\Users\tashi\.ivy2\cache\com.typesafe.netty\netty-reactive-streams-http\jars\netty-reactive-streams-http-1.0.8.jar, C:\Users\tashi\.ivy2\cache\com.typesafe.netty\netty-reactive-streams\jars\netty-reactive-streams-1.0.8.jar, C:\Users\tashi\.ivy2\cache\io.netty\netty-handler\jars\netty-handler-4.0.41.Final.jar, C:\Users\tashi\.ivy2\cache\io.netty\netty-buffer\jars\netty-buffer-4.0.41.Final.jar, C:\Users\tashi\.ivy2\cache\io.netty\netty-common\jars\netty-common-4.0.41.Final.jar, C:\Users\tashi\.ivy2\cache\io.netty\netty-transport\jars\netty-transport-4.0.41.Final.jar, C:\Users\tashi\.ivy2\cache\io.netty\netty-codec\jars\netty-codec-4.0.41.Final.jar, C:\Users\tashi\.ivy2\cache\io.netty\netty-codec-http\jars\netty-codec-http-4.0.41.Final.jar, C:\Users\tashi\.ivy2\cache\io.netty\netty-transport-native-epoll\jars\netty-transport-native-epoll-4.0.41.Final-linux-x86_64.jar, C:\Users\tashi\.ivy2\cache\com.typesafe.play\play-logback_2.11\jars\play-logback_2.11-2.5.10.jar, C:\Users\tashi\.ivy2\cache\ch.qos.logback\logback-classic\jars\logback-classic-1.1.7.jar, C:\Users\tashi\.ivy2\cache\ch.qos.logback\logback-core\jars\logback-core-1.1.7.jar, C:\Users\tashi\.ivy2\cache\com.typesafe.play\play-java-jdbc_2.11\jars\play-java-jdbc_2.11-2.5.10.jar, C:\Users\tashi\.ivy2\cache\com.typesafe.play\play-jdbc_2.11\jars\play-jdbc_2.11-2.5.10.jar, C:\Users\tashi\.ivy2\cache\com.typesafe.play\play-jdbc-api_2.11\jars\play-jdbc-api_2.11-2.5.10.jar, C:\Users\tashi\.ivy2\cache\com.jolbox\bonecp\bundles\bonecp-0.8.0.RELEASE.jar, C:\Users\tashi\.ivy2\cache\com.zaxxer\HikariCP\bundles\HikariCP-2.5.1.jar, C:\Users\tashi\.ivy2\cache\com.googlecode.usc\jdbcdslog\jars\jdbcdslog-1.0.6.2.jar, C:\Users\tashi\.ivy2\cache\com.h2database\h2\jars\h2-1.4.192.jar, C:\Users\tashi\.ivy2\cache\tyrex\tyrex\jars\tyrex-1.0.1.jar, C:\Users\tashi\.ivy2\cache\com.typesafe.play\play-cache_2.11\jars\play-cache_2.11-2.5.10.jar, C:\Users\tashi\.ivy2\cache\net.sf.ehcache\ehcache-core\jars\ehcache-core-2.6.11.jar, C:\Users\tashi\.ivy2\cache\com.typesafe.play\play-java-ws_2.11\jars\play-java-ws_2.11-2.5.10.jar, C:\Users\tashi\.ivy2\cache\com.typesafe.play\play-ws_2.11\jars\play-ws_2.11-2.5.10.jar, C:\Users\tashi\.ivy2\cache\org.asynchttpclient\async-http-client\jars\async-http-client-2.0.11.jar, C:\Users\tashi\.ivy2\cache\org.asynchttpclient\netty-resolver-dns\jars\netty-resolver-dns-2.0.11.jar, C:\Users\tashi\.ivy2\cache\org.asynchttpclient\netty-resolver\jars\netty-resolver-2.0.11.jar, C:\Users\tashi\.ivy2\cache\org.asynchttpclient\netty-codec-dns\jars\netty-codec-dns-2.0.11.jar, C:\Users\tashi\.ivy2\cache\org.javassist\javassist\bundles\javassist-3.20.0-GA.jar, C:\Users\tashi\.ivy2\cache\oauth.signpost\signpost-core\jars\signpost-core-1.2.1.2.jar, C:\Users\tashi\.ivy2\cache\oauth.signpost\signpost-commonshttp4\jars\signpost-commonshttp4-1.2.1.2.jar, C:\Users\tashi\.ivy2\cache\org.apache.httpcomponents\httpcore\jars\httpcore-4.0.1.jar, C:\Users\tashi\.ivy2\cache\org.apache.httpcomponents\httpclient\jars\httpclient-4.0.1.jar, C:\Users\tashi\.ivy2\cache\commons-logging\commons-logging\jars\commons-logging-1.1.1.jar),List((public/,C:\Users\tashi\Documents\updatedversion\WebApp_CrashCourses-master\CrashCourses\target\web\public\main)),List(C:\Users\tashi\.ivy2\cache\com.typesafe.play\play-omnidoc_2.11\jars\play-omnidoc_2.11-2.5.10.jar, C:\Users\tashi\.ivy2\cache\org.scala-lang\scala-library\jars\scala-library-2.11.7.jar, C:\Users\tashi\.ivy2\cache\com.typesafe.play\play-docs_2.11\jars\play-docs_2.11-2.5.10.jar, C:\Users\tashi\.ivy2\cache\com.typesafe.play\play-netty-server_2.11\jars\play-netty-server_2.11-2.5.10.jar, C:\Users\tashi\.ivy2\cache\com.typesafe.play\play-server_2.11\jars\play-server_2.11-2.5.10.jar, C:\Users\tashi\.ivy2\cache\com.typesafe.play\play_2.11\jars\play_2.11-2.5.10.jar, C:\Users\tashi\.ivy2\cache\com.typesafe.play\build-link\jars\build-link-2.5.10.jar, C:\Users\tashi\.ivy2\cache\com.typesafe.play\play-exceptions\jars\play-exceptions-2.5.10.jar, C:\Users\tashi\.ivy2\cache\com.typesafe.play\play-iteratees_2.11\jars\play-iteratees_2.11-2.5.10.jar, C:\Users\tashi\.ivy2\cache\org.scala-stm\scala-stm_2.11\jars\scala-stm_2.11-0.7.jar, C:\Users\tashi\.ivy2\cache\com.typesafe\config\bundles\config-1.3.0.jar, C:\Users\tashi\.ivy2\cache\com.typesafe.play\play-json_2.11\jars\play-json_2.11-2.5.10.jar, C:\Users\tashi\.ivy2\cache\com.typesafe.play\play-functional_2.11\jars\play-functional_2.11-2.5.10.jar, C:\Users\tashi\.ivy2\cache\com.typesafe.play\play-datacommons_2.11\jars\play-datacommons_2.11-2.5.10.jar, C:\Users\tashi\.ivy2\cache\joda-time\joda-time\jars\joda-time-2.9.6.jar, C:\Users\tashi\.ivy2\cache\org.joda\joda-convert\jars\joda-convert-1.8.1.jar, C:\Users\tashi\.ivy2\cache\org.scala-lang\scala-reflect\jars\scala-reflect-2.11.7.jar, C:\Users\tashi\.ivy2\cache\com.fasterxml.jackson.core\jackson-core\bundles\jackson-core-2.7.8.jar, C:\Users\tashi\.ivy2\cache\com.fasterxml.jackson.core\jackson-annotations\bundles\jackson-annotations-2.7.8.jar, C:\Users\tashi\.ivy2\cache\com.fasterxml.jackson.core\jackson-databind\bundles\jackson-databind-2.7.8.jar, C:\Users\tashi\.ivy2\cache\com.fasterxml.jackson.datatype\jackson-datatype-jdk8\bundles\jackson-datatype-jdk8-2.7.8.jar, C:\Users\tashi\.ivy2\cache\com.fasterxml.jackson.datatype\jackson-datatype-jsr310\bundles\jackson-datatype-jsr310-2.7.8.jar, C:\Users\tashi\.ivy2\cache\com.typesafe.play\play-netty-utils\jars\play-netty-utils-2.5.10.jar, C:\Users\tashi\.ivy2\cache\org.slf4j\slf4j-api\jars\slf4j-api-1.7.21.jar, C:\Users\tashi\.ivy2\cache\org.slf4j\jul-to-slf4j\jars\jul-to-slf4j-1.7.21.jar, C:\Users\tashi\.ivy2\cache\org.slf4j\jcl-over-slf4j\jars\jcl-over-slf4j-1.7.21.jar, C:\Users\tashi\.ivy2\cache\com.typesafe.play\play-streams_2.11\jars\play-streams_2.11-2.5.10.jar, C:\Users\tashi\.ivy2\cache\org.reactivestreams\reactive-streams\jars\reactive-streams-1.0.0.jar, C:\Users\tashi\.ivy2\cache\com.typesafe.akka\akka-stream_2.11\jars\akka-stream_2.11-2.4.12.jar, C:\Users\tashi\.ivy2\cache\com.typesafe.akka\akka-actor_2.11\jars\akka-actor_2.11-2.4.12.jar, C:\Users\tashi\.ivy2\cache\org.scala-lang.modules\scala-java8-compat_2.11\bundles\scala-java8-compat_2.11-0.7.0.jar, C:\Users\tashi\.ivy2\cache\com.typesafe\ssl-config-core_2.11\bundles\ssl-config-core_2.11-0.2.1.jar, C:\Users\tashi\.ivy2\cache\org.scala-lang.modules\scala-parser-combinators_2.11\bundles\scala-parser-combinators_2.11-1.0.4.jar, C:\Users\tashi\.ivy2\cache\com.typesafe.play\twirl-api_2.11\jars\twirl-api_2.11-1.1.1.jar, C:\Users\tashi\.ivy2\cache\org.apache.commons\commons-lang3\jars\commons-lang3-3.4.jar, C:\Users\tashi\.ivy2\cache\org.scala-lang.modules\scala-xml_2.11\bundles\scala-xml_2.11-1.0.1.jar, C:\Users\tashi\.ivy2\cache\com.typesafe.akka\akka-slf4j_2.11\jars\akka-slf4j_2.11-2.4.12.jar, C:\Users\tashi\.ivy2\cache\commons-codec\commons-codec\jars\commons-codec-1.10.jar, C:\Users\tashi\.ivy2\cache\xerces\xercesImpl\jars\xercesImpl-2.11.0.jar, C:\Users\tashi\.ivy2\cache\xml-apis\xml-apis\jars\xml-apis-1.4.01.jar, C:\Users\tashi\.ivy2\cache\javax.transaction\jta\jars\jta-1.1.jar, C:\Users\tashi\.ivy2\cache\com.google.inject\guice\jars\guice-4.0.jar, C:\Users\tashi\.ivy2\cache\javax.inject\javax.inject\jars\javax.inject-1.jar, C:\Users\tashi\.ivy2\cache\aopalliance\aopalliance\jars\aopalliance-1.0.jar, C:\Users\tashi\.ivy2\cache\com.google.guava\guava\bundles\guava-16.0.1.jar, C:\Users\tashi\.ivy2\cache\com.google.inject.extensions\guice-assistedinject\jars\guice-assistedinject-4.0.jar, C:\Users\tashi\.ivy2\cache\com.typesafe.netty\netty-reactive-streams-http\jars\netty-reactive-streams-http-1.0.8.jar, C:\Users\tashi\.ivy2\cache\com.typesafe.netty\netty-reactive-streams\jars\netty-reactive-streams-1.0.8.jar, C:\Users\tashi\.ivy2\cache\io.netty\netty-handler\jars\netty-handler-4.0.41.Final.jar, C:\Users\tashi\.ivy2\cache\io.netty\netty-buffer\jars\netty-buffer-4.0.41.Final.jar, C:\Users\tashi\.ivy2\cache\io.netty\netty-common\jars\netty-common-4.0.41.Final.jar, C:\Users\tashi\.ivy2\cache\io.netty\netty-transport\jars\netty-transport-4.0.41.Final.jar, C:\Users\tashi\.ivy2\cache\io.netty\netty-codec\jars\netty-codec-4.0.41.Final.jar, C:\Users\tashi\.ivy2\cache\io.netty\netty-codec-http\jars\netty-codec-http-4.0.41.Final.jar, C:\Users\tashi\.ivy2\cache\io.netty\netty-transport-native-epoll\jars\netty-transport-native-epoll-4.0.41.Final-linux-x86_64.jar, C:\Users\tashi\.ivy2\cache\com.typesafe.play\play-doc_2.11\jars\play-doc_2.11-1.2.2.jar, C:\Users\tashi\.ivy2\cache\org.pegdown\pegdown\jars\pegdown-1.4.0.jar, C:\Users\tashi\.ivy2\cache\org.parboiled\parboiled-java\bundles\parboiled-java-1.1.5.jar, C:\Users\tashi\.ivy2\cache\org.parboiled\parboiled-core\bundles\parboiled-core-1.1.5.jar, C:\Users\tashi\.ivy2\cache\org.ow2.asm\asm\jars\asm-4.1.jar, C:\Users\tashi\.ivy2\cache\org.ow2.asm\asm-tree\jars\asm-tree-4.1.jar, C:\Users\tashi\.ivy2\cache\org.ow2.asm\asm-analysis\jars\asm-analysis-4.1.jar, C:\Users\tashi\.ivy2\cache\org.ow2.asm\asm-util\jars\asm-util-4.1.jar, C:\Users\tashi\.ivy2\cache\commons-io\commons-io\jars\commons-io-2.4.jar),Some(C:\Users\tashi\.ivy2\cache\com.typesafe.play\play-omnidoc_2.11\jars\play-omnidoc_2.11-2.5.10.jar),List(),9000,0.0.0.0,DefaultWatchService,List(C:\Users\tashi\Documents\updatedversion\WebApp_CrashCourses-master\CrashCourses\public, C:\Users\tashi\Documents\updatedversion\WebApp_CrashCourses-master\CrashCourses\conf, C:\Users\tashi\Documents\updatedversion\WebApp_CrashCourses-master\CrashCourses\app),C:\Users\tashi\Documents\updatedversion\WebApp_CrashCourses-master\CrashCourses\target,500,root/playForkNotifyStart,root/playForkReload,300000,play.core.server.DevServerStart),scala.pickling.PicklerUnpickler$DelegatingPicklerUnpickler@59b9012c),ForkConfig(C:\Users\tashi\Documents\updatedversion\WebApp_CrashCourses-master\CrashCourses,List(-Djna.nosys=true),List(C:\Users\tashi\Documents\updatedversion\WebApp_CrashCourses-master\CrashCourses\lib\jsoup-1.10.2.jar, C:\Users\tashi\.ivy2\cache\org.scala-lang\scala-library\jars\scala-library-2.11.7.jar, C:\Users\tashi\.ivy2\cache\com.typesafe.play\twirl-api_2.11\jars\twirl-api_2.11-1.1.1.jar, C:\Users\tashi\.ivy2\cache\org.apache.commons\commons-lang3\jars\commons-lang3-3.4.jar, C:\Users\tashi\.ivy2\cache\org.scala-lang.modules\scala-xml_2.11\bundles\scala-xml_2.11-1.0.1.jar, C:\Users\tashi\.ivy2\cache\com.typesafe.play\play-enhancer\jars\play-enhancer-1.1.0.jar, C:\Users\tashi\.ivy2\cache\com.typesafe.play\play-server_2.11\jars\play-server_2.11-2.5.10.jar, C:\Users\tashi\.ivy2\cache\com.typesafe.play\play_2.11\jars\play_2.11-2.5.10.jar, C:\Users\tashi\.ivy2\cache\com.typesafe.play\build-link\jars\build-link-2.5.10.jar, C:\Users\tashi\.ivy2\cache\com.typesafe.play\play-exceptions\jars\play-exceptions-2.5.10.jar, C:\Users\tashi\.ivy2\cache\com.typesafe.play\play-iteratees_2.11\jars\play-iteratees_2.11-2.5.10.jar, C:\Users\tashi\.ivy2\cache\org.scala-stm\scala-stm_2.11\jars\scala-stm_2.11-0.7.jar, C:\Users\tashi\.ivy2\cache\com.typesafe\config\bundles\config-1.3.0.jar, C:\Users\tashi\.ivy2\cache\com.typesafe.play\play-json_2.11\jars\play-json_2.11-2.5.10.jar, C:\Users\tashi\.ivy2\cache\com.typesafe.play\play-functional_2.11\jars\play-functional_2.11-2.5.10.jar, C:\Users\tashi\.ivy2\cache\com.typesafe.play\play-datacommons_2.11\jars\play-datacommons_2.11-2.5.10.jar, C:\Users\tashi\.ivy2\cache\joda-time\joda-time\jars\joda-time-2.9.6.jar, C:\Users\tashi\.ivy2\cache\org.joda\joda-convert\jars\joda-convert-1.8.1.jar, C:\Users\tashi\.ivy2\cache\org.scala-lang\scala-reflect\jars\scala-reflect-2.11.7.jar, C:\Users\tashi\.ivy2\cache\com.fasterxml.jackson.core\jackson-core\bundles\jackson-core-2.7.8.jar, C:\Users\tashi\.ivy2\cache\com.fasterxml.jackson.core\jackson-annotations\bundles\jackson-annotations-2.7.8.jar, C:\Users\tashi\.ivy2\cache\com.fasterxml.jackson.core\jackson-databind\bundles\jackson-databind-2.7.8.jar, C:\Users\tashi\.ivy2\cache\com.fasterxml.jackson.datatype\jackson-datatype-jdk8\bundles\jackson-datatype-jdk8-2.7.8.jar, C:\Users\tashi\.ivy2\cache\com.fasterxml.jackson.datatype\jackson-datatype-jsr310\bundles\jackson-datatype-jsr310-2.7.8.jar, C:\Users\tashi\.ivy2\cache\com.typesafe.play\play-netty-utils\jars\play-netty-utils-2.5.10.jar, C:\Users\tashi\.ivy2\cache\org.slf4j\slf4j-api\jars\slf4j-api-1.7.21.jar, C:\Users\tashi\.ivy2\cache\org.slf4j\jul-to-slf4j\jars\jul-to-slf4j-1.7.21.jar, C:\Users\tashi\.ivy2\cache\org.slf4j\jcl-over-slf4j\jars\jcl-over-slf4j-1.7.21.jar, C:\Users\tashi\.ivy2\cache\com.typesafe.play\play-streams_2.11\jars\play-streams_2.11-2.5.10.jar, C:\Users\tashi\.ivy2\cache\org.reactivestreams\reactive-streams\jars\reactive-streams-1.0.0.jar, C:\Users\tashi\.ivy2\cache\com.typesafe.akka\akka-stream_2.11\jars\akka-stream_2.11-2.4.12.jar, C:\Users\tashi\.ivy2\cache\com.typesafe.akka\akka-actor_2.11\jars\akka-actor_2.11-2.4.12.jar, C:\Users\tashi\.ivy2\cache\org.scala-lang.modules\scala-java8-compat_2.11\bundles\scala-java8-compat_2.11-0.7.0.jar, C:\Users\tashi\.ivy2\cache\com.typesafe\ssl-config-core_2.11\bundles\ssl-config-core_2.11-0.2.1.jar, C:\Users\tashi\.ivy2\cache\org.scala-lang.modules\scala-parser-combinators_2.11\bundles\scala-parser-combinators_2.11-1.0.4.jar, C:\Users\tashi\.ivy2\cache\com.typesafe.akka\akka-slf4j_2.11\jars\akka-slf4j_2.11-2.4.12.jar, C:\Users\tashi\.ivy2\cache\commons-codec\commons-codec\jars\commons-codec-1.10.jar, C:\Users\tashi\.ivy2\cache\xerces\xercesImpl\jars\xercesImpl-2.11.0.jar, C:\Users\tashi\.ivy2\cache\xml-apis\xml-apis\jars\xml-apis-1.4.01.jar, C:\Users\tashi\.ivy2\cache\javax.transaction\jta\jars\jta-1.1.jar, C:\Users\tashi\.ivy2\cache\com.google.inject\guice\jars\guice-4.0.jar, C:\Users\tashi\.ivy2\cache\javax.inject\javax.inject\jars\javax.inject-1.jar, C:\Users\tashi\.ivy2\cache\aopalliance\aopalliance\jars\aopalliance-1.0.jar, C:\Users\tashi\.ivy2\cache\com.google.inject.extensions\guice-assistedinject\jars\guice-assistedinject-4.0.jar, C:\Users\tashi\.ivy2\cache\com.typesafe.play\play-java_2.11\jars\play-java_2.11-2.5.10.jar, C:\Users\tashi\.ivy2\cache\org.yaml\snakeyaml\bundles\snakeyaml-1.16.jar, C:\Users\tashi\.ivy2\cache\org.hibernate\hibernate-validator\jars\hibernate-validator-5.2.4.Final.jar, C:\Users\tashi\.ivy2\cache\javax.validation\validation-api\jars\validation-api-1.1.0.Final.jar, C:\Users\tashi\.ivy2\cache\org.jboss.logging\jboss-logging\jars\jboss-logging-3.2.1.Final.jar, C:\Users\tashi\.ivy2\cache\com.fasterxml\classmate\bundles\classmate-1.1.0.jar, C:\Users\tashi\.ivy2\cache\javax.el\javax.el-api\jars\javax.el-api-3.0.0.jar, C:\Users\tashi\.ivy2\cache\org.springframework\spring-context\jars\spring-context-4.2.7.RELEASE.jar, C:\Users\tashi\.ivy2\cache\org.springframework\spring-core\jars\spring-core-4.2.7.RELEASE.jar, C:\Users\tashi\.ivy2\cache\org.springframework\spring-beans\jars\spring-beans-4.2.7.RELEASE.jar, C:\Users\tashi\.ivy2\cache\org.reflections\reflections\jars\reflections-0.9.10.jar, C:\Users\tashi\.ivy2\cache\com.google.guava\guava\bundles\guava-19.0.jar, C:\Users\tashi\.ivy2\cache\net.jodah\typetools\bundles\typetools-0.4.4.jar, C:\Users\tashi\.ivy2\cache\com.google.code.findbugs\jsr305\jars\jsr305-3.0.1.jar, C:\Users\tashi\.ivy2\cache\org.apache.tomcat\tomcat-servlet-api\jars\tomcat-servlet-api-8.0.33.jar, C:\Users\tashi\.ivy2\cache\com.typesafe.play\play-netty-server_2.11\jars\play-netty-server_2.11-2.5.10.jar, C:\Users\tashi\.ivy2\cache\com.typesafe.netty\netty-reactive-streams-http\jars\netty-reactive-streams-http-1.0.8.jar, C:\Users\tashi\.ivy2\cache\com.typesafe.netty\netty-reactive-streams\jars\netty-reactive-streams-1.0.8.jar, C:\Users\tashi\.ivy2\cache\io.netty\netty-handler\jars\netty-handler-4.0.41.Final.jar, C:\Users\tashi\.ivy2\cache\io.netty\netty-buffer\jars\netty-buffer-4.0.41.Final.jar, C:\Users\tashi\.ivy2\cache\io.netty\netty-common\jars\netty-common-4.0.41.Final.jar, C:\Users\tashi\.ivy2\cache\io.netty\netty-transport\jars\netty-transport-4.0.41.Final.jar, C:\Users\tashi\.ivy2\cache\io.netty\netty-codec\jars\netty-codec-4.0.41.Final.jar, C:\Users\tashi\.ivy2\cache\io.netty\netty-codec-http\jars\netty-codec-http-4.0.41.Final.jar, C:\Users\tashi\.ivy2\cache\io.netty\netty-transport-native-epoll\jars\netty-transport-native-epoll-4.0.41.Final-linux-x86_64.jar, C:\Users\tashi\.ivy2\cache\com.typesafe.play\play-logback_2.11\jars\play-logback_2.11-2.5.10.jar, C:\Users\tashi\.ivy2\cache\ch.qos.logback\logback-classic\jars\logback-classic-1.1.7.jar, C:\Users\tashi\.ivy2\cache\ch.qos.logback\logback-core\jars\logback-core-1.1.7.jar, C:\Users\tashi\.ivy2\cache\com.typesafe.play\play-java-jdbc_2.11\jars\play-java-jdbc_2.11-2.5.10.jar, C:\Users\tashi\.ivy2\cache\com.typesafe.play\play-jdbc_2.11\jars\play-jdbc_2.11-2.5.10.jar, C:\Users\tashi\.ivy2\cache\com.typesafe.play\play-jdbc-api_2.11\jars\play-jdbc-api_2.11-2.5.10.jar, C:\Users\tashi\.ivy2\cache\com.jolbox\bonecp\bundles\bonecp-0.8.0.RELEASE.jar, C:\Users\tashi\.ivy2\cache\com.zaxxer\HikariCP\bundles\HikariCP-2.5.1.jar, C:\Users\tashi\.ivy2\cache\com.googlecode.usc\jdbcdslog\jars\jdbcdslog-1.0.6.2.jar, C:\Users\tashi\.ivy2\cache\com.h2database\h2\jars\h2-1.4.192.jar, C:\Users\tashi\.ivy2\cache\tyrex\tyrex\jars\tyrex-1.0.1.jar, C:\Users\tashi\.ivy2\cache\com.typesafe.play\play-cache_2.11\jars\play-cache_2.11-2.5.10.jar, C:\Users\tashi\.ivy2\cache\net.sf.ehcache\ehcache-core\jars\ehcache-core-2.6.11.jar, C:\Users\tashi\.ivy2\cache\com.typesafe.play\play-java-ws_2.11\jars\play-java-ws_2.11-2.5.10.jar, C:\Users\tashi\.ivy2\cache\com.typesafe.play\play-ws_2.11\jars\play-ws_2.11-2.5.10.jar, C:\Users\tashi\.ivy2\cache\org.asynchttpclient\async-http-client\jars\async-http-client-2.0.11.jar, C:\Users\tashi\.ivy2\cache\org.asynchttpclient\netty-resolver-dns\jars\netty-resolver-dns-2.0.11.jar, C:\Users\tashi\.ivy2\cache\org.asynchttpclient\netty-resolver\jars\netty-resolver-2.0.11.jar, C:\Users\tashi\.ivy2\cache\org.asynchttpclient\netty-codec-dns\jars\netty-codec-dns-2.0.11.jar, C:\Users\tashi\.ivy2\cache\org.javassist\javassist\bundles\javassist-3.20.0-GA.jar, C:\Users\tashi\.ivy2\cache\oauth.signpost\signpost-core\jars\signpost-core-1.2.1.2.jar, C:\Users\tashi\.ivy2\cache\oauth.signpost\signpost-commonshttp4\jars\signpost-commonshttp4-1.2.1.2.jar, C:\Users\tashi\.ivy2\cache\org.apache.httpcomponents\httpcore\jars\httpcore-4.0.1.jar, C:\Users\tashi\.ivy2\cache\org.apache.httpcomponents\httpclient\jars\httpclient-4.0.1.jar, C:\Users\tashi\.ivy2\cache\commons-logging\commons-logging\jars\commons-logging-1.1.1.jar),List((public/,C:\Users\tashi\Documents\updatedversion\WebApp_CrashCourses-master\CrashCourses\target\web\public\main)),List(C:\Users\tashi\.ivy2\cache\com.typesafe.play\play-omnidoc_2.11\jars\play-omnidoc_2.11-2.5.10.jar, C:\Users\tashi\.ivy2\cache\org.scala-lang\scala-library\jars\scala-library-2.11.7.jar, C:\Users\tashi\.ivy2\cache\com.typesafe.play\play-docs_2.11\jars\play-docs_2.11-2.5.10.jar, C:\Users\tashi\.ivy2\cache\com.typesafe.play\play-netty-server_2.11\jars\play-netty-server_2.11-2.5.10.jar, C:\Users\tashi\.ivy2\cache\com.typesafe.play\play-server_2.11\jars\play-server_2.11-2.5.10.jar, C:\Users\tashi\.ivy2\cache\com.typesafe.play\play_2.11\jars\play_2.11-2.5.10.jar, C:\Users\tashi\.ivy2\cache\com.typesafe.play\build-link\jars\build-link-2.5.10.jar, C:\Users\tashi\.ivy2\cache\com.typesafe.play\play-exceptions\jars\play-exceptions-2.5.10.jar, C:\Users\tashi\.ivy2\cache\com.typesafe.play\play-iteratees_2.11\jars\play-iteratees_2.11-2.5.10.jar, C:\Users\tashi\.ivy2\cache\org.scala-stm\scala-stm_2.11\jars\scala-stm_2.11-0.7.jar, C:\Users\tashi\.ivy2\cache\com.typesafe\config\bundles\config-1.3.0.jar, C:\Users\tashi\.ivy2\cache\com.typesafe.play\play-json_2.11\jars\play-json_2.11-2.5.10.jar, C:\Users\tashi\.ivy2\cache\com.typesafe.play\play-functional_2.11\jars\play-functional_2.11-2.5.10.jar, C:\Users\tashi\.ivy2\cache\com.typesafe.play\play-datacommons_2.11\jars\play-datacommons_2.11-2.5.10.jar, C:\Users\tashi\.ivy2\cache\joda-time\joda-time\jars\joda-time-2.9.6.jar, C:\Users\tashi\.ivy2\cache\org.joda\joda-convert\jars\joda-convert-1.8.1.jar, C:\Users\tashi\.ivy2\cache\org.scala-lang\scala-reflect\jars\scala-reflect-2.11.7.jar, C:\Users\tashi\.ivy2\cache\com.fasterxml.jackson.core\jackson-core\bundles\jackson-core-2.7.8.jar, C:\Users\tashi\.ivy2\cache\com.fasterxml.jackson.core\jackson-annotations\bundles\jackson-annotations-2.7.8.jar, C:\Users\tashi\.ivy2\cache\com.fasterxml.jackson.core\jackson-databind\bundles\jackson-databind-2.7.8.jar, C:\Users\tashi\.ivy2\cache\com.fasterxml.jackson.datatype\jackson-datatype-jdk8\bundles\jackson-datatype-jdk8-2.7.8.jar, C:\Users\tashi\.ivy2\cache\com.fasterxml.jackson.datatype\jackson-datatype-jsr310\bundles\jackson-datatype-jsr310-2.7.8.jar, C:\Users\tashi\.ivy2\cache\com.typesafe.play\play-netty-utils\jars\play-netty-utils-2.5.10.jar, C:\Users\tashi\.ivy2\cache\org.slf4j\slf4j-api\jars\slf4j-api-1.7.21.jar, C:\Users\tashi\.ivy2\cache\org.slf4j\jul-to-slf4j\jars\jul-to-slf4j-1.7.21.jar, C:\Users\tashi\.ivy2\cache\org.slf4j\jcl-over-slf4j\jars\jcl-over-slf4j-1.7.21.jar, C:\Users\tashi\.ivy2\cache\com.typesafe.play\play-streams_2.11\jars\play-streams_2.11-2.5.10.jar, C:\Users\tashi\.ivy2\cache\org.reactivestreams\reactive-streams\jars\reactive-streams-1.0.0.jar, C:\Users\tashi\.ivy2\cache\com.typesafe.akka\akka-stream_2.11\jars\akka-stream_2.11-2.4.12.jar, C:\Users\tashi\.ivy2\cache\com.typesafe.akka\akka-actor_2.11\jars\akka-actor_2.11-2.4.12.jar, C:\Users\tashi\.ivy2\cache\org.scala-lang.modules\scala-java8-compat_2.11\bundles\scala-java8-compat_2.11-0.7.0.jar, C:\Users\tashi\.ivy2\cache\com.typesafe\ssl-config-core_2.11\bundles\ssl-config-core_2.11-0.2.1.jar, C:\Users\tashi\.ivy2\cache\org.scala-lang.modules\scala-parser-combinators_2.11\bundles\scala-parser-combinators_2.11-1.0.4.jar, C:\Users\tashi\.ivy2\cache\com.typesafe.play\twirl-api_2.11\jars\twirl-api_2.11-1.1.1.jar, C:\Users\tashi\.ivy2\cache\org.apache.commons\commons-lang3\jars\commons-lang3-3.4.jar, C:\Users\tashi\.ivy2\cache\org.scala-lang.modules\scala-xml_2.11\bundles\scala-xml_2.11-1.0.1.jar, C:\Users\tashi\.ivy2\cache\com.typesafe.akka\akka-slf4j_2.11\jars\akka-slf4j_2.11-2.4.12.jar, C:\Users\tashi\.ivy2\cache\commons-codec\commons-codec\jars\commons-codec-1.10.jar, C:\Users\tashi\.ivy2\cache\xerces\xercesImpl\jars\xercesImpl-2.11.0.jar, C:\Users\tashi\.ivy2\cache\xml-apis\xml-apis\jars\xml-apis-1.4.01.jar, C:\Users\tashi\.ivy2\cache\javax.transaction\jta\jars\jta-1.1.jar, C:\Users\tashi\.ivy2\cache\com.google.inject\guice\jars\guice-4.0.jar, C:\Users\tashi\.ivy2\cache\javax.inject\javax.inject\jars\javax.inject-1.jar, C:\Users\tashi\.ivy2\cache\aopalliance\aopalliance\jars\aopalliance-1.0.jar, C:\Users\tashi\.ivy2\cache\com.google.guava\guava\bundles\guava-16.0.1.jar, C:\Users\tashi\.ivy2\cache\com.google.inject.extensions\guice-assistedinject\jars\guice-assistedinject-4.0.jar, C:\Users\tashi\.ivy2\cache\com.typesafe.netty\netty-reactive-streams-http\jars\netty-reactive-streams-http-1.0.8.jar, C:\Users\tashi\.ivy2\cache\com.typesafe.netty\netty-reactive-streams\jars\netty-reactive-streams-1.0.8.jar, C:\Users\tashi\.ivy2\cache\io.netty\netty-handler\jars\netty-handler-4.0.41.Final.jar, C:\Users\tashi\.ivy2\cache\io.netty\netty-buffer\jars\netty-buffer-4.0.41.Final.jar, C:\Users\tashi\.ivy2\cache\io.netty\netty-common\jars\netty-common-4.0.41.Final.jar, C:\Users\tashi\.ivy2\cache\io.netty\netty-transport\jars\netty-transport-4.0.41.Final.jar, C:\Users\tashi\.ivy2\cache\io.netty\netty-codec\jars\netty-codec-4.0.41.Final.jar, C:\Users\tashi\.ivy2\cache\io.netty\netty-codec-http\jars\netty-codec-http-4.0.41.Final.jar, C:\Users\tashi\.ivy2\cache\io.netty\netty-transport-native-epoll\jars\netty-transport-native-epoll-4.0.41.Final-linux-x86_64.jar, C:\Users\tashi\.ivy2\cache\com.typesafe.play\play-doc_2.11\jars\play-doc_2.11-1.2.2.jar, C:\Users\tashi\.ivy2\cache\org.pegdown\pegdown\jars\pegdown-1.4.0.jar, C:\Users\tashi\.ivy2\cache\org.parboiled\parboiled-java\bundles\parboiled-java-1.1.5.jar, C:\Users\tashi\.ivy2\cache\org.parboiled\parboiled-core\bundles\parboiled-core-1.1.5.jar, C:\Users\tashi\.ivy2\cache\org.ow2.asm\asm\jars\asm-4.1.jar, C:\Users\tashi\.ivy2\cache\org.ow2.asm\asm-tree\jars\asm-tree-4.1.jar, C:\Users\tashi\.ivy2\cache\org.ow2.asm\asm-analysis\jars\asm-analysis-4.1.jar, C:\Users\tashi\.ivy2\cache\org.ow2.asm\asm-util\jars\asm-util-4.1.jar, C:\Users\tashi\.ivy2\cache\commons-io\commons-io\jars\commons-io-2.4.jar),Some(C:\Users\tashi\.ivy2\cache\com.typesafe.play\play-omnidoc_2.11\jars\play-omnidoc_2.11-2.5.10.jar),List(),9000,0.0.0.0,DefaultWatchService,List(C:\Users\tashi\Documents\updatedversion\WebApp_CrashCourses-master\CrashCourses\public, C:\Users\tashi\Documents\updatedversion\WebApp_CrashCourses-master\CrashCourses\conf, C:\Users\tashi\Documents\updatedversion\WebApp_CrashCourses-master\CrashCourses\app),C:\Users\tashi\Documents\updatedversion\WebApp_CrashCourses-master\CrashCourses\target,500,root/playForkNotifyStart,root/playForkReload,300000,play.core.server.DevServerStart))))
Sending msg to client play-fork-run-2da4c9c7-e701-4a3e-88b0-4a5756f6556f: TaskStarted(30,2106,None)
Sending msg to client play-fork-run-2da4c9c7-e701-4a3e-88b0-4a5756f6556f: TaskFinished(30,2106,None,true,None)
Sending msg to client play-fork-run-2da4c9c7-e701-4a3e-88b0-4a5756f6556f: TaskStarted(30,2105,None)
Sending msg to client play-fork-run-2da4c9c7-e701-4a3e-88b0-4a5756f6556f: TaskFinished(30,2105,None,true,None)
Sending msg to client play-fork-run-2da4c9c7-e701-4a3e-88b0-4a5756f6556f: DetachedLogEvent(LogMessage(debug,cancel strategy finish enabled=false lastCommand=Some(LastCommand(CommandExecutionWork(ExecutionId(30),{file:/C:/Users/tashi/Documents/updatedversion/WebApp_CrashCourses-master/CrashCourses/}root/*:playForkConfig,Set(LiveClient(play-fork-run 2da4c9c7-e701-4a3e-88b0-4a5756f6556f)),sbt.server.WorkCancellationStatus$$anon$1@18fdb878)))))
Sending msg to client play-fork-run-2da4c9c7-e701-4a3e-88b0-4a5756f6556f: DetachedLogEvent(LogSuccess(Total time: 0 s, completed Mar 16, 2017 9:29:14 PM))
Sending msg to client play-fork-run-2da4c9c7-e701-4a3e-88b0-4a5756f6556f: DetachedLogEvent(LogMessage(debug,> server-post-command-cleanup))
Sending msg to client play-fork-run-2da4c9c7-e701-4a3e-88b0-4a5756f6556f: ExecutionSuccess(30)
Sending msg to client play-fork-run-2da4c9c7-e701-4a3e-88b0-4a5756f6556f: DetachedLogEvent(LogMessage(debug,> server-handle-next-server-request))
Sending msg to client play-fork-run-2da4c9c7-e701-4a3e-88b0-4a5756f6556f: BackgroundJobLogEvent(5,LogMessage(info,))
Sending msg to client play-fork-run-2da4c9c7-e701-4a3e-88b0-4a5756f6556f: BackgroundJobLogEvent(5,LogMessage(info,--- (Running the application, auto-reloading is enabled) ---))
Sending msg to client play-fork-run-2da4c9c7-e701-4a3e-88b0-4a5756f6556f: BackgroundJobLogEvent(5,LogMessage(info,))
Sending msg to client play-fork-run-2da4c9c7-e701-4a3e-88b0-4a5756f6556f: BackgroundJobLogEvent(4,LogMessage(info,JVM exiting, shutting down Play fork run ...))
Sending msg to client play-fork-run-2da4c9c7-e701-4a3e-88b0-4a5756f6556f: BackgroundJobLogEvent(4,LogMessage(info,Play fork run already stopped ...))
Sending msg to client play-fork-run-2da4c9c7-e701-4a3e-88b0-4a5756f6556f: BackgroundJobLogEvent(5,LogMessage(info,p.c.s.NettyServer - Listening for HTTP on /0:0:0:0:0:0:0:0:9000))
Sending msg to client play-fork-run-2da4c9c7-e701-4a3e-88b0-4a5756f6556f: BackgroundJobLogEvent(5,LogMessage(info,))
Sending msg to client play-fork-run-2da4c9c7-e701-4a3e-88b0-4a5756f6556f: BackgroundJobLogEvent(5,LogMessage(info,(Server started, use Ctrl+D to stop and go back to the console...)))
Sending msg to client play-fork-run-2da4c9c7-e701-4a3e-88b0-4a5756f6556f: BackgroundJobLogEvent(5,LogMessage(info,))
Got request: ExecutionRequest(root/playForkNotifyStart http://localhost:9000)
Reading next message from client.
Sending msg to client play-fork-run-2da4c9c7-e701-4a3e-88b0-4a5756f6556f: (8,ExecutionRequestReceived(31))
Sending msg to client play-fork-run-2da4c9c7-e701-4a3e-88b0-4a5756f6556f: ExecutionWaiting(31,root/playForkNotifyStart http://localhost:9000,ClientInfo(2da4c9c7-e701-4a3e-88b0-4a5756f6556f,play-fork-run,Play Fork Run,1,Vector()))
Sending msg to client play-fork-run-2da4c9c7-e701-4a3e-88b0-4a5756f6556f: ExecutionStarting(31)
Sending msg to client play-fork-run-2da4c9c7-e701-4a3e-88b0-4a5756f6556f: DetachedLogEvent(LogMessage(debug,> root/playForkNotifyStart http://localhost:9000))
Sending msg to client play-fork-run-2da4c9c7-e701-4a3e-88b0-4a5756f6556f: BackgroundJobLogEvent(4,LogMessage(info,Forked Play process exited with status: 0))
Sending msg to client play-fork-run-2da4c9c7-e701-4a3e-88b0-4a5756f6556f: BackgroundJobFinished(23,4)
Sending msg to client play-fork-run-2da4c9c7-e701-4a3e-88b0-4a5756f6556f: DetachedLogEvent(LogMessage(debug,Evaluating tasks: *:playForkNotifyStart))
Sending msg to client play-fork-run-2da4c9c7-e701-4a3e-88b0-4a5756f6556f: DetachedLogEvent(LogMessage(debug,Running task... Cancel: sbt.server.ServerTaskCancellation@19dd46a, check cycles: false))
Sending msg to client play-fork-run-2da4c9c7-e701-4a3e-88b0-4a5756f6556f: DetachedLogEvent(LogMessage(debug,cancel strategy start enabled=true lastCommand=Some(LastCommand(CommandExecutionWork(ExecutionId(31),root/playForkNotifyStart http://localhost:9000,Set(LiveClient(play-fork-run 2da4c9c7-e701-4a3e-88b0-4a5756f6556f)),sbt.server.WorkCancellationStatus$$anon$1@5eee4814)))))
Sending msg to client play-fork-run-2da4c9c7-e701-4a3e-88b0-4a5756f6556f: TaskStarted(31,2185,Some(AttributeKey[sbt.SendEventService]("sendEventService") in Scope(Global)))
Sending msg to client play-fork-run-2da4c9c7-e701-4a3e-88b0-4a5756f6556f: TaskFinished(31,2185,Some(AttributeKey[sbt.SendEventService]("sendEventService") in Scope(Global)),true,None)
Sending msg to client play-fork-run-2da4c9c7-e701-4a3e-88b0-4a5756f6556f: TaskStarted(31,2184,Some(AttributeKey[scala.Function1[java.lang.String,void]]("playForkStarted") in Scope(Build: file:/C:/Users/tashi/Documents/updatedversion/WebApp_CrashCourses-master/CrashCourses/, , Project: ProjectReference(file:/C:/Users/tashi/Documents/updatedversion/WebApp_CrashCourses-master/CrashCourses/,root))))
Sending msg to client play-fork-run-2da4c9c7-e701-4a3e-88b0-4a5756f6556f: TaskFinished(31,2184,Some(AttributeKey[scala.Function1[java.lang.String,void]]("playForkStarted") in Scope(Build: file:/C:/Users/tashi/Documents/updatedversion/WebApp_CrashCourses-master/CrashCourses/, , Project: ProjectReference(file:/C:/Users/tashi/Documents/updatedversion/WebApp_CrashCourses-master/CrashCourses/,root))),true,None)
Sending msg to client play-fork-run-2da4c9c7-e701-4a3e-88b0-4a5756f6556f: TaskStarted(31,2183,Some(AttributeKey[void]("playForkNotifyStart") in Scope(Build: file:/C:/Users/tashi/Documents/updatedversion/WebApp_CrashCourses-master/CrashCourses/, , Project: ProjectReference(file:/C:/Users/tashi/Documents/updatedversion/WebApp_CrashCourses-master/CrashCourses/,root))))
Sending msg to client play-fork-run-2da4c9c7-e701-4a3e-88b0-4a5756f6556f: TaskEvent(2183,LazyValue(PlayServerStarted(http://localhost:9000),play.forkrun.protocol.Serializers$PlayForkrunProtocolPlayServerStartedPickler1$2$@949f1f6))
Sending msg to client play-fork-run-2da4c9c7-e701-4a3e-88b0-4a5756f6556f: TaskFinished(31,2183,Some(AttributeKey[void]("playForkNotifyStart") in Scope(Build: file:/C:/Users/tashi/Documents/updatedversion/WebApp_CrashCourses-master/CrashCourses/, , Project: ProjectReference(file:/C:/Users/tashi/Documents/updatedversion/WebApp_CrashCourses-master/CrashCourses/,root))),true,None)
Sending msg to client play-fork-run-2da4c9c7-e701-4a3e-88b0-4a5756f6556f: TaskStarted(31,2182,None)
Sending msg to client play-fork-run-2da4c9c7-e701-4a3e-88b0-4a5756f6556f: TaskFinished(31,2182,None,true,None)
Sending msg to client play-fork-run-2da4c9c7-e701-4a3e-88b0-4a5756f6556f: TaskStarted(31,2181,None)
Sending msg to client play-fork-run-2da4c9c7-e701-4a3e-88b0-4a5756f6556f: TaskFinished(31,2181,None,true,None)
Sending msg to client play-fork-run-2da4c9c7-e701-4a3e-88b0-4a5756f6556f: DetachedLogEvent(LogMessage(debug,cancel strategy finish enabled=false lastCommand=Some(LastCommand(CommandExecutionWork(ExecutionId(31),root/playForkNotifyStart http://localhost:9000,Set(LiveClient(play-fork-run 2da4c9c7-e701-4a3e-88b0-4a5756f6556f)),sbt.server.WorkCancellationStatus$$anon$1@5eee4814)))))
Sending msg to client play-fork-run-2da4c9c7-e701-4a3e-88b0-4a5756f6556f: DetachedLogEvent(LogSuccess(Total time: 0 s, completed Mar 16, 2017 9:29:16 PM))
Sending msg to client play-fork-run-2da4c9c7-e701-4a3e-88b0-4a5756f6556f: DetachedLogEvent(LogMessage(debug,> server-post-command-cleanup))
Sending msg to client play-fork-run-2da4c9c7-e701-4a3e-88b0-4a5756f6556f: ExecutionSuccess(31)
Sending msg to client play-fork-run-2da4c9c7-e701-4a3e-88b0-4a5756f6556f: DetachedLogEvent(LogMessage(debug,> server-handle-next-server-request))
